<<<<<<< HEAD
﻿  enemyselect.cpp
c:\users\user\desktop\hal\2年\gm\gmgame\dx11game\enemyselect.cpp(650): warning C4244: '引数': 'LONG' から 'float' への変換です。データが失われる可能性があります。
     ライブラリ C:\Users\user\Desktop\HAL\2年\GM\GMgame\DX11Game\DX11Game.lib とオブジェクト C:\Users\user\Desktop\HAL\2年\GM\GMgame\DX11Game\DX11Game.exp を作成中
  コード生成しています。
  1 of 2156 functions (<0.1%) were compiled, the rest were copied from previous compilation.
=======
﻿  Bpartsmenu.cpp
c:\users\matsu\desktop\resouce2\gmgame\dx11game\bpartsmenu.cpp(139): warning C4244: '引数': 'LONG' から 'float' への変換です。データが失われる可能性があります。
c:\users\matsu\desktop\resouce2\gmgame\dx11game\bpartsmenu.cpp(148): warning C4305: '引数': 'double' から 'float' へ切り詰めます。
  Mpartsmenu.cpp
c:\users\matsu\desktop\resouce2\gmgame\dx11game\mpartsmenu.cpp(134): warning C4244: '引数': 'LONG' から 'float' への変換です。データが失われる可能性があります。
c:\users\matsu\desktop\resouce2\gmgame\dx11game\mpartsmenu.cpp(143): warning C4305: '引数': 'double' から 'float' へ切り詰めます。
  Upartsmenu.cpp
c:\users\matsu\desktop\resouce2\gmgame\dx11game\upartsmenu.cpp(135): warning C4244: '引数': 'LONG' から 'float' への変換です。データが失われる可能性があります。
c:\users\matsu\desktop\resouce2\gmgame\dx11game\upartsmenu.cpp(144): warning C4305: '引数': 'double' から 'float' へ切り詰めます。
  enemy.cpp
c:\users\matsu\desktop\resouce2\gmgame\dx11game\enemy.cpp(1159): warning C4244: '引数': 'LONG' から 'float' への変換です。データが失われる可能性があります。
  enemyselect.cpp
c:\users\matsu\desktop\resouce2\gmgame\dx11game\enemyselect.cpp(630): warning C4244: '引数': 'LONG' から 'float' への変換です。データが失われる可能性があります。
  field3D.cpp
  jyanken.cpp
c:\users\matsu\desktop\resouce2\gmgame\dx11game\jyanken.cpp(109): warning C4838: '__int64' から 'unsigned __int64' への変換には縮小変換が必要です
c:\users\matsu\desktop\resouce2\gmgame\dx11game\jyanken.cpp(213): warning C4244: '引数': 'LONG' から 'float' への変換です。データが失われる可能性があります。
c:\users\matsu\desktop\resouce2\gmgame\dx11game\jyanken.cpp(221): warning C4305: '引数': 'double' から 'float' へ切り詰めます。
c:\users\matsu\desktop\resouce2\gmgame\dx11game\jyanken.cpp(826): warning C4244: '引数': 'int' から 'float' への変換です。データが失われる可能性があります。
c:\users\matsu\desktop\resouce2\gmgame\dx11game\jyanken.cpp(841): warning C4244: '引数': 'int' から 'float' への変換です。データが失われる可能性があります。
c:\users\matsu\desktop\resouce2\gmgame\dx11game\jyanken.cpp(916): warning C4244: '引数': 'int' から 'float' への変換です。データが失われる可能性があります。
c:\users\matsu\desktop\resouce2\gmgame\dx11game\jyanken.cpp(926): warning C4244: '引数': 'int' から 'float' への変換です。データが失われる可能性があります。
  main.cpp
  partsmenu.cpp
c:\users\matsu\desktop\resouce2\gmgame\dx11game\partsmenu.cpp(155): warning C4244: '引数': 'LONG' から 'float' への変換です。データが失われる可能性があります。
c:\users\matsu\desktop\resouce2\gmgame\dx11game\partsmenu.cpp(166): warning C4305: '引数': 'double' から 'float' へ切り詰めます。
  player.cpp
  sceneBaSelect.cpp
  sceneChimera.cpp
  sceneGame.cpp
  sceneGameover.cpp
  sceneSelect.cpp
  sceneSetumei.cpp
  sceneTitle.cpp
  select 2.cpp
c:\users\matsu\desktop\resouce2\gmgame\dx11game\select 2.cpp(118): warning C4244: '引数': 'LONG' から 'float' への変換です。データが失われる可能性があります。
c:\users\matsu\desktop\resouce2\gmgame\dx11game\select 2.cpp(123): warning C4305: '引数': 'double' から 'float' へ切り詰めます。
  select.cpp
c:\users\matsu\desktop\resouce2\gmgame\dx11game\select.cpp(122): warning C4244: '引数': 'LONG' から 'float' への変換です。データが失われる可能性があります。
c:\users\matsu\desktop\resouce2\gmgame\dx11game\select.cpp(128): warning C4305: '引数': 'double' から 'float' へ切り詰めます。
  selectstage.cpp
c:\users\matsu\desktop\resouce2\gmgame\dx11game\selectstage.cpp(135): warning C4244: '引数': 'LONG' から 'float' への変換です。データが失われる可能性があります。
c:\users\matsu\desktop\resouce2\gmgame\dx11game\selectstage.cpp(141): warning C4305: '引数': 'double' から 'float' へ切り詰めます。
  コンパイル中...
  sound.cpp
  tab.cpp
c:\users\matsu\desktop\resouce2\gmgame\dx11game\tab.cpp(125): warning C4244: '引数': 'LONG' から 'float' への変換です。データが失われる可能性があります。
c:\users\matsu\desktop\resouce2\gmgame\dx11game\tab.cpp(132): warning C4305: '引数': 'double' から 'float' へ切り詰めます。
     ライブラリ C:\Users\matsu\Desktop\Resouce2\GMgame\DX11Game\DX11Game.lib とオブジェクト C:\Users\matsu\Desktop\Resouce2\GMgame\DX11Game\DX11Game.exp を作成中
  コード生成しています。
  31 of 2156 functions ( 1.4%) were compiled, the rest were copied from previous compilation.
>>>>>>> feature/matsui3
    0 functions were new in current compilation
    16 functions had inline decision re-evaluated but remain unchanged
  コード生成が終了しました。
  DX11Game.vcxproj -> C:\Users\matsu\Desktop\Resouce2\GMgame\DX11Game\DX11Game.exe
