c:\users\user\desktop\hal\1年\gp12\directx_1027_field\dx11game\x64\release\vc141.pdb
c:\users\user\desktop\hal\1年\gp12\directx_1027_field\dx11game\x64\release\texture.obj
c:\users\user\desktop\hal\1年\gp12\directx_1027_field\dx11game\x64\release\shader.obj
c:\users\user\desktop\hal\1年\gp12\directx_1027_field\dx11game\x64\release\polygon.obj
c:\users\user\desktop\hal\1年\gp12\directx_1027_field\dx11game\x64\release\mesh.obj
c:\users\user\desktop\hal\1年\gp12\directx_1027_field\dx11game\x64\release\main.obj
c:\users\user\desktop\hal\1年\gp12\directx_1027_field\dx11game\x64\release\light.obj
c:\users\user\desktop\hal\1年\gp12\directx_1027_field\dx11game\x64\release\input.obj
c:\users\user\desktop\hal\1年\gp12\directx_1027_field\dx11game\x64\release\debugproc.obj
c:\users\user\desktop\hal\1年\gp12\directx_1027_field\dx11game\x64\release\collision.obj
c:\users\user\desktop\hal\1年\gp12\directx_1027_field\dx11game\x64\release\camera.obj
c:\users\user\desktop\hal\1年\gp12\directx_1027_field\dx11game\x64\release\assimpmodel.obj
c:\users\user\desktop\hal\1年\gp12\directx_1129\dx11game\x64\release\vc141.pdb
c:\users\user\desktop\hal\1年\gp12\directx_1129\dx11game\x64\release\stage01.obj
c:\users\user\desktop\hal\1年\gp12\directx_1129\dx11game\x64\release\stage.obj
c:\users\user\desktop\hal\1年\gp12\directx_1129\dx11game\x64\release\shadow.obj
c:\users\user\desktop\hal\1年\gp12\directx_1129\dx11game\x64\release\shader.obj
c:\users\user\desktop\hal\1年\gp12\directx_1129\dx11game\x64\release\scenegame.obj
c:\users\user\desktop\hal\1年\gp12\directx_1129\dx11game\x64\release\polygon.obj
c:\users\user\desktop\hal\1年\gp12\directx_1129\dx11game\x64\release\player.obj
c:\users\user\desktop\hal\1年\gp12\directx_1129\dx11game\x64\release\model.obj
c:\users\user\desktop\hal\1年\gp12\directx_1129\dx11game\x64\release\mesh.obj
c:\users\user\desktop\hal\1年\gp12\directx_1129\dx11game\x64\release\main.obj
c:\users\user\desktop\hal\1年\gp12\directx_1129\dx11game\x64\release\light.obj
c:\users\user\desktop\hal\1年\gp12\directx_1129\dx11game\x64\release\input.obj
c:\users\user\desktop\hal\1年\gp12\directx_1129\dx11game\x64\release\fieldindex.obj
c:\users\user\desktop\hal\1年\gp12\directx_1129\dx11game\x64\release\field.obj
c:\users\user\desktop\hal\1年\gp12\directx_1129\dx11game\x64\release\explosion.obj
c:\users\user\desktop\hal\1年\gp12\directx_1129\dx11game\x64\release\debugproc.obj
c:\users\user\desktop\hal\1年\gp12\directx_1129\dx11game\x64\release\collision.obj
c:\users\user\desktop\hal\1年\gp12\directx_1129\dx11game\x64\release\camera.obj
c:\users\user\desktop\hal\1年\gp12\directx_1129\dx11game\x64\release\bullet.obj
c:\users\user\desktop\hal\1年\gp12\directx_1129\dx11game\x64\release\assimpmodel.obj
c:\users\user\desktop\hal\1年\gp12\directx_1129\dx11game\x64\release\wall.obj
c:\users\user\desktop\hal\1年\gp12\directx_1129\dx11game\x64\release\texture.obj
c:\users\user\desktop\hal\1年\gp12\directx_1201\dx11game\x64\release\vc141.pdb
c:\users\user\desktop\hal\1年\gp12\directx_1201\dx11game\x64\release\stage01.obj
c:\users\user\desktop\hal\1年\gp12\directx_1201\dx11game\x64\release\stage.obj
c:\users\user\desktop\hal\1年\gp12\directx_1201\dx11game\x64\release\shadow.obj
c:\users\user\desktop\hal\1年\gp12\directx_1201\dx11game\x64\release\shader.obj
c:\users\user\desktop\hal\1年\gp12\directx_1201\dx11game\x64\release\scenegame.obj
c:\users\user\desktop\hal\1年\gp12\directx_1201\dx11game\x64\release\polygon.obj
c:\users\user\desktop\hal\1年\gp12\directx_1201\dx11game\x64\release\player.obj
c:\users\user\desktop\hal\1年\gp12\directx_1201\dx11game\x64\release\model.obj
c:\users\user\desktop\hal\1年\gp12\directx_1201\dx11game\x64\release\mesh.obj
c:\users\user\desktop\hal\1年\gp12\directx_1201\dx11game\x64\release\main.obj
c:\users\user\desktop\hal\1年\gp12\directx_1201\dx11game\x64\release\light.obj
c:\users\user\desktop\hal\1年\gp12\directx_1201\dx11game\x64\release\input.obj
c:\users\user\desktop\hal\1年\gp12\directx_1201\dx11game\x64\release\fieldindex.obj
c:\users\user\desktop\hal\1年\gp12\directx_1201\dx11game\x64\release\field.obj
c:\users\user\desktop\hal\1年\gp12\directx_1201\dx11game\x64\release\explosion.obj
c:\users\user\desktop\hal\1年\gp12\directx_1201\dx11game\x64\release\debugproc.obj
c:\users\user\desktop\hal\1年\gp12\directx_1201\dx11game\x64\release\collision.obj
c:\users\user\desktop\hal\1年\gp12\directx_1201\dx11game\x64\release\camera.obj
c:\users\user\desktop\hal\1年\gp12\directx_1201\dx11game\x64\release\bullet.obj
c:\users\user\desktop\hal\1年\gp12\directx_1201\dx11game\x64\release\assimpmodel.obj
c:\users\user\desktop\hal\1年\gp12\directx_1201\dx11game\x64\release\wall.obj
c:\users\user\desktop\hal\1年\gp12\directx_1201\dx11game\x64\release\texture.obj
c:\users\user\desktop\hal\1年\gp12\directx_1205\dx11game\x64\release\vc141.pdb
c:\users\user\desktop\hal\1年\gp12\directx_1205\dx11game\x64\release\stage01.obj
c:\users\user\desktop\hal\1年\gp12\directx_1205\dx11game\x64\release\stage.obj
c:\users\user\desktop\hal\1年\gp12\directx_1205\dx11game\x64\release\shadow.obj
c:\users\user\desktop\hal\1年\gp12\directx_1205\dx11game\x64\release\shader.obj
c:\users\user\desktop\hal\1年\gp12\directx_1205\dx11game\x64\release\scenegame.obj
c:\users\user\desktop\hal\1年\gp12\directx_1205\dx11game\x64\release\polygon.obj
c:\users\user\desktop\hal\1年\gp12\directx_1205\dx11game\x64\release\player.obj
c:\users\user\desktop\hal\1年\gp12\directx_1205\dx11game\x64\release\model.obj
c:\users\user\desktop\hal\1年\gp12\directx_1205\dx11game\x64\release\mesh.obj
c:\users\user\desktop\hal\1年\gp12\directx_1205\dx11game\x64\release\main.obj
c:\users\user\desktop\hal\1年\gp12\directx_1205\dx11game\x64\release\light.obj
c:\users\user\desktop\hal\1年\gp12\directx_1205\dx11game\x64\release\input.obj
c:\users\user\desktop\hal\1年\gp12\directx_1205\dx11game\x64\release\fieldindex.obj
c:\users\user\desktop\hal\1年\gp12\directx_1205\dx11game\x64\release\field.obj
c:\users\user\desktop\hal\1年\gp12\directx_1205\dx11game\x64\release\explosion.obj
c:\users\user\desktop\hal\1年\gp12\directx_1205\dx11game\x64\release\debugproc.obj
c:\users\user\desktop\hal\1年\gp12\directx_1205\dx11game\x64\release\collision.obj
c:\users\user\desktop\hal\1年\gp12\directx_1205\dx11game\x64\release\camera.obj
c:\users\user\desktop\hal\1年\gp12\directx_1205\dx11game\x64\release\bullet.obj
c:\users\user\desktop\hal\1年\gp12\directx_1205\dx11game\x64\release\assimpmodel.obj
c:\users\user\desktop\hal\1年\gp12\directx_1205\dx11game\x64\release\wall.obj
c:\users\user\desktop\hal\1年\gp12\directx_1205\dx11game\x64\release\texture.obj
c:\users\user\desktop\hal\1年\gp12\directx_1206\dx11game\x64\release\vc141.pdb
c:\users\user\desktop\hal\1年\gp12\directx_1206\dx11game\x64\release\stage01.obj
c:\users\user\desktop\hal\1年\gp12\directx_1206\dx11game\x64\release\stage.obj
c:\users\user\desktop\hal\1年\gp12\directx_1206\dx11game\x64\release\shadow.obj
c:\users\user\desktop\hal\1年\gp12\directx_1206\dx11game\x64\release\shader.obj
c:\users\user\desktop\hal\1年\gp12\directx_1206\dx11game\x64\release\scenegame.obj
c:\users\user\desktop\hal\1年\gp12\directx_1206\dx11game\x64\release\polygon.obj
c:\users\user\desktop\hal\1年\gp12\directx_1206\dx11game\x64\release\player.obj
c:\users\user\desktop\hal\1年\gp12\directx_1206\dx11game\x64\release\model.obj
c:\users\user\desktop\hal\1年\gp12\directx_1206\dx11game\x64\release\mesh.obj
c:\users\user\desktop\hal\1年\gp12\directx_1206\dx11game\x64\release\main.obj
c:\users\user\desktop\hal\1年\gp12\directx_1206\dx11game\x64\release\light.obj
c:\users\user\desktop\hal\1年\gp12\directx_1206\dx11game\x64\release\input.obj
c:\users\user\desktop\hal\1年\gp12\directx_1206\dx11game\x64\release\fieldindex.obj
c:\users\user\desktop\hal\1年\gp12\directx_1206\dx11game\x64\release\field.obj
c:\users\user\desktop\hal\1年\gp12\directx_1206\dx11game\x64\release\explosion.obj
c:\users\user\desktop\hal\1年\gp12\directx_1206\dx11game\x64\release\debugproc.obj
c:\users\user\desktop\hal\1年\gp12\directx_1206\dx11game\x64\release\collision.obj
c:\users\user\desktop\hal\1年\gp12\directx_1206\dx11game\x64\release\camera.obj
c:\users\user\desktop\hal\1年\gp12\directx_1206\dx11game\x64\release\bullet.obj
c:\users\user\desktop\hal\1年\gp12\directx_1206\dx11game\x64\release\assimpmodel.obj
c:\users\user\desktop\hal\1年\gp12\directx_1206\dx11game\x64\release\wall.obj
c:\users\user\desktop\hal\1年\gp12\directx_1206\dx11game\x64\release\texture.obj
c:\users\user\desktop\hal\1年\gp12\directx_1206ミサイル\dx11game\x64\release\vc141.pdb
c:\users\user\desktop\hal\1年\gp12\directx_1206ミサイル\dx11game\x64\release\stage.obj
c:\users\user\desktop\hal\1年\gp12\directx_1206ミサイル\dx11game\x64\release\shadow.obj
c:\users\user\desktop\hal\1年\gp12\directx_1206ミサイル\dx11game\x64\release\shader.obj
c:\users\user\desktop\hal\1年\gp12\directx_1206ミサイル\dx11game\x64\release\scenegame.obj
c:\users\user\desktop\hal\1年\gp12\directx_1206ミサイル\dx11game\x64\release\polygon.obj
c:\users\user\desktop\hal\1年\gp12\directx_1206ミサイル\dx11game\x64\release\player.obj
c:\users\user\desktop\hal\1年\gp12\directx_1206ミサイル\dx11game\x64\release\model.obj
c:\users\user\desktop\hal\1年\gp12\directx_1206ミサイル\dx11game\x64\release\missile.obj
c:\users\user\desktop\hal\1年\gp12\directx_1206ミサイル\dx11game\x64\release\mesh.obj
c:\users\user\desktop\hal\1年\gp12\directx_1206ミサイル\dx11game\x64\release\main.obj
c:\users\user\desktop\hal\1年\gp12\directx_1206ミサイル\dx11game\x64\release\light.obj
c:\users\user\desktop\hal\1年\gp12\directx_1206ミサイル\dx11game\x64\release\input.obj
c:\users\user\desktop\hal\1年\gp12\directx_1206ミサイル\dx11game\x64\release\fieldindex.obj
c:\users\user\desktop\hal\1年\gp12\directx_1206ミサイル\dx11game\x64\release\field.obj
c:\users\user\desktop\hal\1年\gp12\directx_1206ミサイル\dx11game\x64\release\explosion.obj
c:\users\user\desktop\hal\1年\gp12\directx_1206ミサイル\dx11game\x64\release\debugproc.obj
c:\users\user\desktop\hal\1年\gp12\directx_1206ミサイル\dx11game\x64\release\collision.obj
c:\users\user\desktop\hal\1年\gp12\directx_1206ミサイル\dx11game\x64\release\camera.obj
c:\users\user\desktop\hal\1年\gp12\directx_1206ミサイル\dx11game\x64\release\bullet.obj
c:\users\user\desktop\hal\1年\gp12\directx_1206ミサイル\dx11game\x64\release\assimpmodel.obj
c:\users\user\desktop\hal\1年\gp12\directx_1206ミサイル\dx11game\x64\release\wall.obj
c:\users\user\desktop\hal\1年\gp12\directx_1206ミサイル\dx11game\x64\release\texture.obj
c:\users\user\desktop\hal\1年\gp12\directx_1206ミサイル\dx11game\x64\release\stage01.obj
c:\users\user\desktop\nh_gp12_gp12sgpa_30_向出珠羽\directx_game\dx11game\x64\release\vc141.pdb
c:\users\user\desktop\nh_gp12_gp12sgpa_30_向出珠羽\directx_game\dx11game\x64\release\light.obj
c:\users\user\desktop\nh_gp12_gp12sgpa_30_向出珠羽\directx_game\dx11game\x64\release\input.obj
c:\users\user\desktop\nh_gp12_gp12sgpa_30_向出珠羽\directx_game\dx11game\x64\release\fade.obj
c:\users\user\desktop\nh_gp12_gp12sgpa_30_向出珠羽\directx_game\dx11game\x64\release\collision.obj
c:\users\user\desktop\nh_gp12_gp12sgpa_30_向出珠羽\directx_game\dx11game\x64\release\camera.obj
c:\users\user\desktop\nh_gp12_gp12sgpa_30_向出珠羽\directx_game\dx11game\x64\release\stage01.obj
c:\users\user\desktop\nh_gp12_gp12sgpa_30_向出珠羽\directx_game\dx11game\x64\release\stage.obj
c:\users\user\desktop\nh_gp12_gp12sgpa_30_向出珠羽\directx_game\dx11game\x64\release\shader.obj
c:\users\user\desktop\nh_gp12_gp12sgpa_30_向出珠羽\directx_game\dx11game\x64\release\polygon.obj
c:\users\user\desktop\nh_gp12_gp12sgpa_30_向出珠羽\directx_game\dx11game\x64\release\debugproc.obj
c:\users\user\desktop\nh_gp12_gp12sgpa_30_向出珠羽\directx_game\dx11game\x64\release\field.obj
c:\users\user\desktop\nh_gp12_gp12sgpa_30_向出珠羽\directx_game\dx11game\x64\release\life.obj
c:\users\user\desktop\nh_gp12_gp12sgpa_30_向出珠羽\directx_game\dx11game\x64\release\main.obj
c:\users\user\desktop\nh_gp12_gp12sgpa_30_向出珠羽\directx_game\dx11game\x64\release\sceneclear.obj
c:\users\user\desktop\nh_gp12_gp12sgpa_30_向出珠羽\directx_game\dx11game\x64\release\shadow.obj
c:\users\user\desktop\nh_gp12_gp12sgpa_30_向出珠羽\directx_game\dx11game\x64\release\texture.obj
c:\users\user\desktop\hal\1年\gp12\nh_gp12_gp12sgpa_30_向出珠羽1\dx11game\x64\release\vc141.pdb
c:\users\user\desktop\hal\1年\gp12\nh_gp12_gp12sgpa_30_向出珠羽1\dx11game\x64\release\mesh.obj
c:\users\user\desktop\hal\1年\gp12\nh_gp12_gp12sgpa_30_向出珠羽1\dx11game\x64\release\main.obj
c:\users\user\desktop\hal\1年\gp12\nh_gp12_gp12sgpa_30_向出珠羽1\dx11game\x64\release\light.obj
c:\users\user\desktop\hal\1年\gp12\nh_gp12_gp12sgpa_30_向出珠羽1\dx11game\x64\release\life.obj
c:\users\user\desktop\hal\1年\gp12\nh_gp12_gp12sgpa_30_向出珠羽1\dx11game\x64\release\input.obj
c:\users\user\desktop\hal\1年\gp12\nh_gp12_gp12sgpa_30_向出珠羽1\dx11game\x64\release\gauge.obj
c:\users\user\desktop\hal\1年\gp12\nh_gp12_gp12sgpa_30_向出珠羽1\dx11game\x64\release\gameover.obj
c:\users\user\desktop\hal\1年\gp12\nh_gp12_gp12sgpa_30_向出珠羽1\dx11game\x64\release\flame.obj
c:\users\user\desktop\hal\1年\gp12\nh_gp12_gp12sgpa_30_向出珠羽1\dx11game\x64\release\field.obj
c:\users\user\desktop\hal\1年\gp12\nh_gp12_gp12sgpa_30_向出珠羽1\dx11game\x64\release\fade.obj
c:\users\user\desktop\hal\1年\gp12\nh_gp12_gp12sgpa_30_向出珠羽1\dx11game\x64\release\explosion.obj
c:\users\user\desktop\hal\1年\gp12\nh_gp12_gp12sgpa_30_向出珠羽1\dx11game\x64\release\enter.obj
c:\users\user\desktop\hal\1年\gp12\nh_gp12_gp12sgpa_30_向出珠羽1\dx11game\x64\release\enemy.obj
c:\users\user\desktop\hal\1年\gp12\nh_gp12_gp12sgpa_30_向出珠羽1\dx11game\x64\release\debugproc.obj
c:\users\user\desktop\hal\1年\gp12\nh_gp12_gp12sgpa_30_向出珠羽1\dx11game\x64\release\collision.obj
c:\users\user\desktop\hal\1年\gp12\nh_gp12_gp12sgpa_30_向出珠羽1\dx11game\x64\release\camera.obj
c:\users\user\desktop\hal\1年\gp12\nh_gp12_gp12sgpa_30_向出珠羽1\dx11game\x64\release\bullet.obj
c:\users\user\desktop\hal\1年\gp12\nh_gp12_gp12sgpa_30_向出珠羽1\dx11game\x64\release\box.obj
c:\users\user\desktop\hal\1年\gp12\nh_gp12_gp12sgpa_30_向出珠羽1\dx11game\x64\release\bg.obj
c:\users\user\desktop\hal\1年\gp12\nh_gp12_gp12sgpa_30_向出珠羽1\dx11game\x64\release\assimpmodel.obj
c:\users\user\desktop\hal\1年\gp12\nh_gp12_gp12sgpa_30_向出珠羽1\dx11game\x64\release\stage01.obj
c:\users\user\desktop\hal\1年\gp12\nh_gp12_gp12sgpa_30_向出珠羽1\dx11game\x64\release\stage.obj
c:\users\user\desktop\hal\1年\gp12\nh_gp12_gp12sgpa_30_向出珠羽1\dx11game\x64\release\sound.obj
c:\users\user\desktop\hal\1年\gp12\nh_gp12_gp12sgpa_30_向出珠羽1\dx11game\x64\release\shadow.obj
c:\users\user\desktop\hal\1年\gp12\nh_gp12_gp12sgpa_30_向出珠羽1\dx11game\x64\release\shader.obj
c:\users\user\desktop\hal\1年\gp12\nh_gp12_gp12sgpa_30_向出珠羽1\dx11game\x64\release\selectstage.obj
c:\users\user\desktop\hal\1年\gp12\nh_gp12_gp12sgpa_30_向出珠羽1\dx11game\x64\release\select1.obj
c:\users\user\desktop\hal\1年\gp12\nh_gp12_gp12sgpa_30_向出珠羽1\dx11game\x64\release\select.obj
c:\users\user\desktop\hal\1年\gp12\nh_gp12_gp12sgpa_30_向出珠羽1\dx11game\x64\release\select 2.obj
c:\users\user\desktop\hal\1年\gp12\nh_gp12_gp12sgpa_30_向出珠羽1\dx11game\x64\release\score.obj
c:\users\user\desktop\hal\1年\gp12\nh_gp12_gp12sgpa_30_向出珠羽1\dx11game\x64\release\scenetitle.obj
c:\users\user\desktop\hal\1年\gp12\nh_gp12_gp12sgpa_30_向出珠羽1\dx11game\x64\release\scenesetumei.obj
c:\users\user\desktop\hal\1年\gp12\nh_gp12_gp12sgpa_30_向出珠羽1\dx11game\x64\release\sceneselect.obj
c:\users\user\desktop\hal\1年\gp12\nh_gp12_gp12sgpa_30_向出珠羽1\dx11game\x64\release\scenegameover.obj
c:\users\user\desktop\hal\1年\gp12\nh_gp12_gp12sgpa_30_向出珠羽1\dx11game\x64\release\scenegame.obj
c:\users\user\desktop\hal\1年\gp12\nh_gp12_gp12sgpa_30_向出珠羽1\dx11game\x64\release\sceneclear.obj
c:\users\user\desktop\hal\1年\gp12\nh_gp12_gp12sgpa_30_向出珠羽1\dx11game\x64\release\polygon.obj
c:\users\user\desktop\hal\1年\gp12\nh_gp12_gp12sgpa_30_向出珠羽1\dx11game\x64\release\player.obj
c:\users\user\desktop\hal\1年\gp12\nh_gp12_gp12sgpa_30_向出珠羽1\dx11game\x64\release\pause.obj
c:\users\user\desktop\hal\1年\gp12\nh_gp12_gp12sgpa_30_向出珠羽1\dx11game\x64\release\missile.obj
c:\users\user\desktop\hal\1年\gp12\nh_gp12_gp12sgpa_30_向出珠羽1\dx11game\x64\release\wall.obj
c:\users\user\desktop\hal\1年\gp12\nh_gp12_gp12sgpa_30_向出珠羽1\dx11game\x64\release\title.obj
c:\users\user\desktop\hal\1年\gp12\nh_gp12_gp12sgpa_30_向出珠羽1\dx11game\x64\release\texture.obj
c:\users\user\desktop\hal\1年\gp12\nh_gp12_gp12sgpa_30_向出珠羽2\dx11game\x64\release\vc141.pdb
c:\users\user\desktop\hal\1年\gp12\nh_gp12_gp12sgpa_30_向出珠羽2\dx11game\x64\release\mesh.obj
c:\users\user\desktop\hal\1年\gp12\nh_gp12_gp12sgpa_30_向出珠羽2\dx11game\x64\release\main.obj
c:\users\user\desktop\hal\1年\gp12\nh_gp12_gp12sgpa_30_向出珠羽2\dx11game\x64\release\light.obj
c:\users\user\desktop\hal\1年\gp12\nh_gp12_gp12sgpa_30_向出珠羽2\dx11game\x64\release\life.obj
c:\users\user\desktop\hal\1年\gp12\nh_gp12_gp12sgpa_30_向出珠羽2\dx11game\x64\release\input.obj
c:\users\user\desktop\hal\1年\gp12\nh_gp12_gp12sgpa_30_向出珠羽2\dx11game\x64\release\gauge.obj
c:\users\user\desktop\hal\1年\gp12\nh_gp12_gp12sgpa_30_向出珠羽2\dx11game\x64\release\gameover.obj
c:\users\user\desktop\hal\1年\gp12\nh_gp12_gp12sgpa_30_向出珠羽2\dx11game\x64\release\flame.obj
c:\users\user\desktop\hal\1年\gp12\nh_gp12_gp12sgpa_30_向出珠羽2\dx11game\x64\release\field.obj
c:\users\user\desktop\hal\1年\gp12\nh_gp12_gp12sgpa_30_向出珠羽2\dx11game\x64\release\fade.obj
c:\users\user\desktop\hal\1年\gp12\nh_gp12_gp12sgpa_30_向出珠羽2\dx11game\x64\release\explosion.obj
c:\users\user\desktop\hal\1年\gp12\nh_gp12_gp12sgpa_30_向出珠羽2\dx11game\x64\release\enter.obj
c:\users\user\desktop\hal\1年\gp12\nh_gp12_gp12sgpa_30_向出珠羽2\dx11game\x64\release\enemy.obj
c:\users\user\desktop\hal\1年\gp12\nh_gp12_gp12sgpa_30_向出珠羽2\dx11game\x64\release\debugproc.obj
c:\users\user\desktop\hal\1年\gp12\nh_gp12_gp12sgpa_30_向出珠羽2\dx11game\x64\release\collision.obj
c:\users\user\desktop\hal\1年\gp12\nh_gp12_gp12sgpa_30_向出珠羽2\dx11game\x64\release\camera.obj
c:\users\user\desktop\hal\1年\gp12\nh_gp12_gp12sgpa_30_向出珠羽2\dx11game\x64\release\bullet.obj
c:\users\user\desktop\hal\1年\gp12\nh_gp12_gp12sgpa_30_向出珠羽2\dx11game\x64\release\box.obj
c:\users\user\desktop\hal\1年\gp12\nh_gp12_gp12sgpa_30_向出珠羽2\dx11game\x64\release\bg.obj
c:\users\user\desktop\hal\1年\gp12\nh_gp12_gp12sgpa_30_向出珠羽2\dx11game\x64\release\assimpmodel.obj
c:\users\user\desktop\hal\1年\gp12\nh_gp12_gp12sgpa_30_向出珠羽2\dx11game\x64\release\stage01.obj
c:\users\user\desktop\hal\1年\gp12\nh_gp12_gp12sgpa_30_向出珠羽2\dx11game\x64\release\stage.obj
c:\users\user\desktop\hal\1年\gp12\nh_gp12_gp12sgpa_30_向出珠羽2\dx11game\x64\release\sound.obj
c:\users\user\desktop\hal\1年\gp12\nh_gp12_gp12sgpa_30_向出珠羽2\dx11game\x64\release\shadow.obj
c:\users\user\desktop\hal\1年\gp12\nh_gp12_gp12sgpa_30_向出珠羽2\dx11game\x64\release\shader.obj
c:\users\user\desktop\hal\1年\gp12\nh_gp12_gp12sgpa_30_向出珠羽2\dx11game\x64\release\selectstage.obj
c:\users\user\desktop\hal\1年\gp12\nh_gp12_gp12sgpa_30_向出珠羽2\dx11game\x64\release\select1.obj
c:\users\user\desktop\hal\1年\gp12\nh_gp12_gp12sgpa_30_向出珠羽2\dx11game\x64\release\select.obj
c:\users\user\desktop\hal\1年\gp12\nh_gp12_gp12sgpa_30_向出珠羽2\dx11game\x64\release\select 2.obj
c:\users\user\desktop\hal\1年\gp12\nh_gp12_gp12sgpa_30_向出珠羽2\dx11game\x64\release\score.obj
c:\users\user\desktop\hal\1年\gp12\nh_gp12_gp12sgpa_30_向出珠羽2\dx11game\x64\release\scenetitle.obj
c:\users\user\desktop\hal\1年\gp12\nh_gp12_gp12sgpa_30_向出珠羽2\dx11game\x64\release\scenesetumei.obj
c:\users\user\desktop\hal\1年\gp12\nh_gp12_gp12sgpa_30_向出珠羽2\dx11game\x64\release\sceneselect.obj
c:\users\user\desktop\hal\1年\gp12\nh_gp12_gp12sgpa_30_向出珠羽2\dx11game\x64\release\scenegameover.obj
c:\users\user\desktop\hal\1年\gp12\nh_gp12_gp12sgpa_30_向出珠羽2\dx11game\x64\release\scenegame.obj
c:\users\user\desktop\hal\1年\gp12\nh_gp12_gp12sgpa_30_向出珠羽2\dx11game\x64\release\sceneclear.obj
c:\users\user\desktop\hal\1年\gp12\nh_gp12_gp12sgpa_30_向出珠羽2\dx11game\x64\release\polygon.obj
c:\users\user\desktop\hal\1年\gp12\nh_gp12_gp12sgpa_30_向出珠羽2\dx11game\x64\release\player.obj
c:\users\user\desktop\hal\1年\gp12\nh_gp12_gp12sgpa_30_向出珠羽2\dx11game\x64\release\pause.obj
c:\users\user\desktop\hal\1年\gp12\nh_gp12_gp12sgpa_30_向出珠羽2\dx11game\x64\release\missile.obj
c:\users\user\desktop\hal\1年\gp12\nh_gp12_gp12sgpa_30_向出珠羽2\dx11game\x64\release\wall.obj
c:\users\user\desktop\hal\1年\gp12\nh_gp12_gp12sgpa_30_向出珠羽2\dx11game\x64\release\title.obj
c:\users\user\desktop\hal\1年\gp12\nh_gp12_gp12sgpa_30_向出珠羽2\dx11game\x64\release\texture.obj
c:\users\user\desktop\hal\1年\gp12\directx_1027_field\dx11game\dx11game.lib
c:\users\user\desktop\hal\1年\gp12\directx_1027_field\dx11game\dx11game.exp
c:\users\user\desktop\hal\1年\gp12\directx_1027_field\dx11game\dx11game.ipdb
c:\users\user\desktop\hal\1年\gp12\directx_1027_field\dx11game\dx11game.iobj
c:\users\user\desktop\hal\1年\gp12\directx_1129\dx11game\dx11game.lib
c:\users\user\desktop\hal\1年\gp12\directx_1129\dx11game\dx11game.exp
c:\users\user\desktop\hal\1年\gp12\directx_1129\dx11game\dx11game.ipdb
c:\users\user\desktop\hal\1年\gp12\directx_1129\dx11game\dx11game.iobj
c:\users\user\desktop\hal\1年\gp12\directx_1201\dx11game\dx11game.lib
c:\users\user\desktop\hal\1年\gp12\directx_1201\dx11game\dx11game.exp
c:\users\user\desktop\hal\1年\gp12\directx_1201\dx11game\dx11game.ipdb
c:\users\user\desktop\hal\1年\gp12\directx_1201\dx11game\dx11game.iobj
c:\users\user\desktop\hal\1年\gp12\directx_1205\dx11game\dx11game.lib
c:\users\user\desktop\hal\1年\gp12\directx_1205\dx11game\dx11game.exp
c:\users\user\desktop\hal\1年\gp12\directx_1205\dx11game\dx11game.ipdb
c:\users\user\desktop\hal\1年\gp12\directx_1205\dx11game\dx11game.iobj
c:\users\user\desktop\hal\1年\gp12\directx_1206\dx11game\dx11game.lib
c:\users\user\desktop\hal\1年\gp12\directx_1206\dx11game\dx11game.exp
c:\users\user\desktop\hal\1年\gp12\directx_1206\dx11game\dx11game.ipdb
c:\users\user\desktop\hal\1年\gp12\directx_1206\dx11game\dx11game.iobj
c:\users\user\desktop\hal\1年\gp12\directx_1206ミサイル\dx11game\dx11game.lib
c:\users\user\desktop\hal\1年\gp12\directx_1206ミサイル\dx11game\dx11game.exp
c:\users\user\desktop\hal\1年\gp12\directx_1206ミサイル\dx11game\dx11game.ipdb
c:\users\user\desktop\hal\1年\gp12\directx_1206ミサイル\dx11game\dx11game.iobj
c:\users\user\desktop\hal\1年\gp12\nh_gp12_gp12sgpa_30_向出珠羽1\dx11game\dx11game.lib
c:\users\user\desktop\hal\1年\gp12\nh_gp12_gp12sgpa_30_向出珠羽1\dx11game\dx11game.exp
c:\users\user\desktop\hal\1年\gp12\nh_gp12_gp12sgpa_30_向出珠羽1\dx11game\dx11game.ipdb
c:\users\user\desktop\hal\1年\gp12\nh_gp12_gp12sgpa_30_向出珠羽1\dx11game\dx11game.iobj
c:\users\user\desktop\hal\1年\gp12\nh_gp12_gp12sgpa_30_向出珠羽2\dx11game\dx11game.lib
c:\users\user\desktop\hal\1年\gp12\nh_gp12_gp12sgpa_30_向出珠羽2\dx11game\dx11game.exp
c:\users\user\desktop\hal\1年\gp12\nh_gp12_gp12sgpa_30_向出珠羽2\dx11game\dx11game.ipdb
c:\users\user\desktop\hal\1年\gp12\nh_gp12_gp12sgpa_30_向出珠羽2\dx11game\dx11game.iobj
c:\users\user\desktop\hal\1年\gp12\directx_1129\dx11game\data\shader\assimppixel.cso
c:\users\user\desktop\hal\1年\gp12\directx_1129\dx11game\data\shader\assimpvertex.cso
c:\users\user\desktop\hal\1年\gp12\directx_1129\dx11game\data\shader\pixel.cso
c:\users\user\desktop\hal\1年\gp12\directx_1129\dx11game\data\shader\pixel2d.cso
c:\users\user\desktop\hal\1年\gp12\directx_1129\dx11game\data\shader\vertex.cso
c:\users\user\desktop\hal\1年\gp12\directx_1129\dx11game\data\shader\vertex2d.cso
c:\users\user\desktop\hal\1年\gp12\directx_1201\dx11game\data\shader\assimppixel.cso
c:\users\user\desktop\hal\1年\gp12\directx_1201\dx11game\data\shader\assimpvertex.cso
c:\users\user\desktop\hal\1年\gp12\directx_1201\dx11game\data\shader\pixel.cso
c:\users\user\desktop\hal\1年\gp12\directx_1201\dx11game\data\shader\pixel2d.cso
c:\users\user\desktop\hal\1年\gp12\directx_1201\dx11game\data\shader\vertex.cso
c:\users\user\desktop\hal\1年\gp12\directx_1201\dx11game\data\shader\vertex2d.cso
c:\users\user\desktop\hal\1年\gp12\directx_1205\dx11game\data\shader\assimppixel.cso
c:\users\user\desktop\hal\1年\gp12\directx_1205\dx11game\data\shader\assimpvertex.cso
c:\users\user\desktop\hal\1年\gp12\directx_1205\dx11game\data\shader\pixel.cso
c:\users\user\desktop\hal\1年\gp12\directx_1205\dx11game\data\shader\pixel2d.cso
c:\users\user\desktop\hal\1年\gp12\directx_1205\dx11game\data\shader\vertex.cso
c:\users\user\desktop\hal\1年\gp12\directx_1205\dx11game\data\shader\vertex2d.cso
c:\users\user\desktop\hal\1年\gp12\directx_1206ミサイル\dx11game\data\shader\assimppixel.cso
c:\users\user\desktop\hal\1年\gp12\directx_1206ミサイル\dx11game\data\shader\assimpvertex.cso
c:\users\user\desktop\hal\1年\gp12\directx_1206ミサイル\dx11game\data\shader\pixel.cso
c:\users\user\desktop\hal\1年\gp12\directx_1206ミサイル\dx11game\data\shader\pixel2d.cso
c:\users\user\desktop\hal\1年\gp12\directx_1206ミサイル\dx11game\data\shader\vertex.cso
c:\users\user\desktop\hal\1年\gp12\directx_1206ミサイル\dx11game\data\shader\vertex2d.cso
c:\users\user\desktop\nh_gp12_gp12sgpa_30_向出珠羽\directx_game\dx11game\data\shader\assimppixel.cso
c:\users\user\desktop\nh_gp12_gp12sgpa_30_向出珠羽\directx_game\dx11game\data\shader\assimpvertex.cso
c:\users\user\desktop\nh_gp12_gp12sgpa_30_向出珠羽\directx_game\dx11game\data\shader\pixel.cso
c:\users\user\desktop\nh_gp12_gp12sgpa_30_向出珠羽\directx_game\dx11game\data\shader\pixel2d.cso
c:\users\user\desktop\nh_gp12_gp12sgpa_30_向出珠羽\directx_game\dx11game\data\shader\vertex.cso
c:\users\user\desktop\nh_gp12_gp12sgpa_30_向出珠羽\directx_game\dx11game\data\shader\vertex2d.cso
c:\users\user\desktop\hal\1年\gp12\nh_gp12_gp12sgpa_30_向出珠羽1\dx11game\data\shader\assimppixel.cso
c:\users\user\desktop\hal\1年\gp12\nh_gp12_gp12sgpa_30_向出珠羽1\dx11game\data\shader\assimpvertex.cso
c:\users\user\desktop\hal\1年\gp12\nh_gp12_gp12sgpa_30_向出珠羽1\dx11game\data\shader\pixel.cso
c:\users\user\desktop\hal\1年\gp12\nh_gp12_gp12sgpa_30_向出珠羽1\dx11game\data\shader\pixel2d.cso
c:\users\user\desktop\hal\1年\gp12\nh_gp12_gp12sgpa_30_向出珠羽1\dx11game\data\shader\vertex.cso
c:\users\user\desktop\hal\1年\gp12\nh_gp12_gp12sgpa_30_向出珠羽1\dx11game\data\shader\vertex2d.cso
c:\users\user\desktop\hal\1年\gp12\nh_gp12_gp12sgpa_30_向出珠羽2\dx11game\data\shader\assimppixel.cso
c:\users\user\desktop\hal\1年\gp12\nh_gp12_gp12sgpa_30_向出珠羽2\dx11game\data\shader\assimpvertex.cso
c:\users\user\desktop\hal\1年\gp12\nh_gp12_gp12sgpa_30_向出珠羽2\dx11game\data\shader\pixel.cso
c:\users\user\desktop\hal\1年\gp12\nh_gp12_gp12sgpa_30_向出珠羽2\dx11game\data\shader\pixel2d.cso
c:\users\user\desktop\hal\1年\gp12\nh_gp12_gp12sgpa_30_向出珠羽2\dx11game\data\shader\vertex.cso
c:\users\user\desktop\hal\1年\gp12\nh_gp12_gp12sgpa_30_向出珠羽2\dx11game\data\shader\vertex2d.cso
c:\users\user\desktop\hal\1年\gp12\nh_gp12_gp12sgpa_30_向出珠羽1\dx11game\dx11game.exe
c:\users\user\desktop\hal\1年\gp12\nh_gp12_gp12sgpa_30_向出珠羽1\dx11game\dx11game.pdb
c:\users\user\desktop\hal\1年\gp12\nh_gp12_gp12sgpa_30_向出珠羽2\dx11game\dx11game.exe
c:\users\user\desktop\hal\1年\gp12\nh_gp12_gp12sgpa_30_向出珠羽2\dx11game\dx11game.pdb
c:\users\user\desktop\hal\1年\gp12\directx_1027_field\dx11game\x64\release\dx11game.res
c:\users\user\desktop\hal\1年\gp12\directx_1129\dx11game\x64\release\dx11game.res
c:\users\user\desktop\hal\1年\gp12\directx_1201\dx11game\x64\release\dx11game.res
c:\users\user\desktop\hal\1年\gp12\directx_1205\dx11game\x64\release\dx11game.res
c:\users\user\desktop\hal\1年\gp12\directx_1206\dx11game\x64\release\dx11game.res
c:\users\user\desktop\hal\1年\gp12\directx_1206ミサイル\dx11game\x64\release\dx11game.res
c:\users\user\desktop\hal\1年\gp12\nh_gp12_gp12sgpa_30_向出珠羽1\dx11game\x64\release\dx11game.res
c:\users\user\desktop\hal\1年\gp12\nh_gp12_gp12sgpa_30_向出珠羽2\dx11game\x64\release\dx11game.res
c:\users\user\desktop\hal\2年\gp23\nh_gp12_gp12sgpa_30_向出珠羽2\dx11game\x64\release\assimpmodel.obj
c:\users\user\desktop\hal\2年\gp23\nh_gp12_gp12sgpa_30_向出珠羽2\dx11game\x64\release\bg.obj
c:\users\user\desktop\hal\2年\gp23\nh_gp12_gp12sgpa_30_向出珠羽2\dx11game\x64\release\box.obj
c:\users\user\desktop\hal\2年\gp23\nh_gp12_gp12sgpa_30_向出珠羽2\dx11game\x64\release\bullet.obj
c:\users\user\desktop\hal\2年\gp23\nh_gp12_gp12sgpa_30_向出珠羽2\dx11game\x64\release\camera.obj
c:\users\user\desktop\hal\2年\gp23\nh_gp12_gp12sgpa_30_向出珠羽2\dx11game\x64\release\collision.obj
c:\users\user\desktop\hal\2年\gp23\nh_gp12_gp12sgpa_30_向出珠羽2\dx11game\x64\release\debugproc.obj
c:\users\user\desktop\hal\2年\gp23\nh_gp12_gp12sgpa_30_向出珠羽2\dx11game\x64\release\enemy.obj
c:\users\user\desktop\hal\2年\gp23\nh_gp12_gp12sgpa_30_向出珠羽2\dx11game\x64\release\enter.obj
c:\users\user\desktop\hal\2年\gp23\nh_gp12_gp12sgpa_30_向出珠羽2\dx11game\x64\release\explosion.obj
c:\users\user\desktop\hal\2年\gp23\nh_gp12_gp12sgpa_30_向出珠羽2\dx11game\x64\release\fade.obj
c:\users\user\desktop\hal\2年\gp23\nh_gp12_gp12sgpa_30_向出珠羽2\dx11game\x64\release\field.obj
c:\users\user\desktop\hal\2年\gp23\nh_gp12_gp12sgpa_30_向出珠羽2\dx11game\x64\release\fieldindex.obj
c:\users\user\desktop\hal\2年\gp23\nh_gp12_gp12sgpa_30_向出珠羽2\dx11game\x64\release\flame.obj
c:\users\user\desktop\hal\2年\gp23\nh_gp12_gp12sgpa_30_向出珠羽2\dx11game\x64\release\gameover.obj
c:\users\user\desktop\hal\2年\gp23\nh_gp12_gp12sgpa_30_向出珠羽2\dx11game\x64\release\gauge.obj
c:\users\user\desktop\hal\2年\gp23\nh_gp12_gp12sgpa_30_向出珠羽2\dx11game\x64\release\input.obj
c:\users\user\desktop\hal\2年\gp23\nh_gp12_gp12sgpa_30_向出珠羽2\dx11game\x64\release\life.obj
c:\users\user\desktop\hal\2年\gp23\nh_gp12_gp12sgpa_30_向出珠羽2\dx11game\x64\release\light.obj
c:\users\user\desktop\hal\2年\gp23\nh_gp12_gp12sgpa_30_向出珠羽2\dx11game\x64\release\main.obj
c:\users\user\desktop\hal\2年\gp23\nh_gp12_gp12sgpa_30_向出珠羽2\dx11game\x64\release\mesh.obj
c:\users\user\desktop\hal\2年\gp23\nh_gp12_gp12sgpa_30_向出珠羽2\dx11game\x64\release\missile.obj
c:\users\user\desktop\hal\2年\gp23\nh_gp12_gp12sgpa_30_向出珠羽2\dx11game\x64\release\model.obj
c:\users\user\desktop\hal\2年\gp23\nh_gp12_gp12sgpa_30_向出珠羽2\dx11game\x64\release\pause.obj
c:\users\user\desktop\hal\2年\gp23\nh_gp12_gp12sgpa_30_向出珠羽2\dx11game\x64\release\player.obj
c:\users\user\desktop\hal\2年\gp23\nh_gp12_gp12sgpa_30_向出珠羽2\dx11game\x64\release\polygon.obj
c:\users\user\desktop\hal\2年\gp23\nh_gp12_gp12sgpa_30_向出珠羽2\dx11game\x64\release\sceneclear.obj
c:\users\user\desktop\hal\2年\gp23\nh_gp12_gp12sgpa_30_向出珠羽2\dx11game\x64\release\scenegame.obj
c:\users\user\desktop\hal\2年\gp23\nh_gp12_gp12sgpa_30_向出珠羽2\dx11game\x64\release\scenegameover.obj
c:\users\user\desktop\hal\2年\gp23\nh_gp12_gp12sgpa_30_向出珠羽2\dx11game\x64\release\sceneselect.obj
c:\users\user\desktop\hal\2年\gp23\nh_gp12_gp12sgpa_30_向出珠羽2\dx11game\x64\release\scenesetumei.obj
c:\users\user\desktop\hal\2年\gp23\nh_gp12_gp12sgpa_30_向出珠羽2\dx11game\x64\release\scenetitle.obj
c:\users\user\desktop\hal\2年\gp23\nh_gp12_gp12sgpa_30_向出珠羽2\dx11game\x64\release\score.obj
c:\users\user\desktop\hal\2年\gp23\nh_gp12_gp12sgpa_30_向出珠羽2\dx11game\x64\release\select 2.obj
c:\users\user\desktop\hal\2年\gp23\nh_gp12_gp12sgpa_30_向出珠羽2\dx11game\x64\release\select.obj
c:\users\user\desktop\hal\2年\gp23\nh_gp12_gp12sgpa_30_向出珠羽2\dx11game\x64\release\select1.obj
c:\users\user\desktop\hal\2年\gp23\nh_gp12_gp12sgpa_30_向出珠羽2\dx11game\x64\release\selectstage.obj
c:\users\user\desktop\hal\2年\gp23\nh_gp12_gp12sgpa_30_向出珠羽2\dx11game\x64\release\shader.obj
c:\users\user\desktop\hal\2年\gp23\nh_gp12_gp12sgpa_30_向出珠羽2\dx11game\x64\release\shadow.obj
c:\users\user\desktop\hal\2年\gp23\nh_gp12_gp12sgpa_30_向出珠羽2\dx11game\x64\release\sound.obj
c:\users\user\desktop\hal\2年\gp23\nh_gp12_gp12sgpa_30_向出珠羽2\dx11game\x64\release\stage.obj
c:\users\user\desktop\hal\2年\gp23\nh_gp12_gp12sgpa_30_向出珠羽2\dx11game\x64\release\stage01.obj
c:\users\user\desktop\hal\2年\gp23\nh_gp12_gp12sgpa_30_向出珠羽2\dx11game\x64\release\texture.obj
c:\users\user\desktop\hal\2年\gp23\nh_gp12_gp12sgpa_30_向出珠羽2\dx11game\x64\release\title.obj
c:\users\user\desktop\hal\2年\gp23\nh_gp12_gp12sgpa_30_向出珠羽2\dx11game\x64\release\wall.obj
c:\users\user\desktop\hal\2年\gp23\nh_gp12_gp12sgpa_30_向出珠羽2\dx11game\x64\release\dx11game.res
c:\users\user\desktop\hal\2年\gp23\nh_gp12_gp12sgpa_30_向出珠羽2\dx11game\x64\release\vc141.pdb
c:\users\user\desktop\hal\2年\gp23\nh_gp12_gp12sgpa_30_向出珠羽2\dx11game\x64\release\dx11game.tlog\cl.command.1.tlog
c:\users\user\desktop\hal\2年\gp23\nh_gp12_gp12sgpa_30_向出珠羽2\dx11game\x64\release\dx11game.tlog\cl.read.1.tlog
c:\users\user\desktop\hal\2年\gp23\nh_gp12_gp12sgpa_30_向出珠羽2\dx11game\x64\release\dx11game.tlog\cl.write.1.tlog
c:\users\user\desktop\hal\2年\gp23\nh_gp12_gp12sgpa_30_向出珠羽2\dx11game\x64\release\dx11game.tlog\dx11game.write.1u.tlog
c:\users\user\desktop\hal\2年\gp23\nh_gp12_gp12sgpa_30_向出珠羽2\dx11game\x64\release\dx11game.tlog\fxc.command.1.tlog
c:\users\user\desktop\hal\2年\gp23\nh_gp12_gp12sgpa_30_向出珠羽2\dx11game\x64\release\dx11game.tlog\fxc.read.1.tlog
c:\users\user\desktop\hal\2年\gp23\nh_gp12_gp12sgpa_30_向出珠羽2\dx11game\x64\release\dx11game.tlog\fxc.write.1.tlog
c:\users\user\desktop\hal\2年\gp23\nh_gp12_gp12sgpa_30_向出珠羽2\dx11game\x64\release\dx11game.tlog\link.command.1.tlog
c:\users\user\desktop\hal\2年\gp23\nh_gp12_gp12sgpa_30_向出珠羽2\dx11game\x64\release\dx11game.tlog\link.read.1.tlog
c:\users\user\desktop\hal\2年\gp23\nh_gp12_gp12sgpa_30_向出珠羽2\dx11game\x64\release\dx11game.tlog\link.write.1.tlog
c:\users\user\desktop\hal\2年\gp23\nh_gp12_gp12sgpa_30_向出珠羽2\dx11game\x64\release\dx11game.tlog\rc.command.1.tlog
c:\users\user\desktop\hal\2年\gp23\nh_gp12_gp12sgpa_30_向出珠羽2\dx11game\x64\release\dx11game.tlog\rc.read.1.tlog
c:\users\user\desktop\hal\2年\gp23\nh_gp12_gp12sgpa_30_向出珠羽2\dx11game\x64\release\dx11game.tlog\rc.write.1.tlog
