c:\users\user\desktop\hal\1年\gp12\directx_1122\dx11game\x64\debug\vc141.pdb
c:\users\user\desktop\hal\1年\gp12\directx_1122\dx11game\x64\debug\vc141.idb
c:\users\user\desktop\hal\1年\gp12\directx_1122\dx11game\x64\debug\texture.obj
c:\users\user\desktop\hal\1年\gp12\directx_1122\dx11game\x64\debug\stage01.obj
c:\users\user\desktop\hal\1年\gp12\directx_1122\dx11game\x64\debug\stage.obj
c:\users\user\desktop\hal\1年\gp12\directx_1122\dx11game\x64\debug\shadow.obj
c:\users\user\desktop\hal\1年\gp12\directx_1122\dx11game\x64\debug\shader.obj
c:\users\user\desktop\hal\1年\gp12\directx_1122\dx11game\x64\debug\scenegame.obj
c:\users\user\desktop\hal\1年\gp12\directx_1122\dx11game\x64\debug\polygon.obj
c:\users\user\desktop\hal\1年\gp12\directx_1122\dx11game\x64\debug\model.obj
c:\users\user\desktop\hal\1年\gp12\directx_1122\dx11game\x64\debug\mesh.obj
c:\users\user\desktop\hal\1年\gp12\directx_1122\dx11game\x64\debug\light.obj
c:\users\user\desktop\hal\1年\gp12\directx_1122\dx11game\x64\debug\input.obj
c:\users\user\desktop\hal\1年\gp12\directx_1122\dx11game\x64\debug\fieldindex.obj
c:\users\user\desktop\hal\1年\gp12\directx_1122\dx11game\x64\debug\field.obj
c:\users\user\desktop\hal\1年\gp12\directx_1122\dx11game\x64\debug\debugproc.obj
c:\users\user\desktop\hal\1年\gp12\directx_1122\dx11game\x64\debug\collision.obj
c:\users\user\desktop\hal\1年\gp12\directx_1122\dx11game\x64\debug\camera.obj
c:\users\user\desktop\hal\1年\gp12\directx_1122\dx11game\x64\debug\assimpmodel.obj
c:\users\user\desktop\hal\1年\gp12\directx_1122\dx11game\x64\debug\main.obj
c:\users\user\desktop\hal\1年\gp12\directx_1122\dx11game\x64\debug\bullet.obj
c:\users\user\desktop\hal\1年\gp12\directx_1122\dx11game\x64\debug\player.obj
c:\users\user\desktop\hal\1年\gp12\directx_1124\dx11game\x64\debug\vc141.pdb
c:\users\user\desktop\hal\1年\gp12\directx_1124\dx11game\x64\debug\vc141.idb
c:\users\user\desktop\hal\1年\gp12\directx_1124\dx11game\x64\debug\texture.obj
c:\users\user\desktop\hal\1年\gp12\directx_1124\dx11game\x64\debug\stage01.obj
c:\users\user\desktop\hal\1年\gp12\directx_1124\dx11game\x64\debug\stage.obj
c:\users\user\desktop\hal\1年\gp12\directx_1124\dx11game\x64\debug\shadow.obj
c:\users\user\desktop\hal\1年\gp12\directx_1124\dx11game\x64\debug\shader.obj
c:\users\user\desktop\hal\1年\gp12\directx_1124\dx11game\x64\debug\scenegame.obj
c:\users\user\desktop\hal\1年\gp12\directx_1124\dx11game\x64\debug\polygon.obj
c:\users\user\desktop\hal\1年\gp12\directx_1124\dx11game\x64\debug\player.obj
c:\users\user\desktop\hal\1年\gp12\directx_1124\dx11game\x64\debug\model.obj
c:\users\user\desktop\hal\1年\gp12\directx_1124\dx11game\x64\debug\mesh.obj
c:\users\user\desktop\hal\1年\gp12\directx_1124\dx11game\x64\debug\main.obj
c:\users\user\desktop\hal\1年\gp12\directx_1124\dx11game\x64\debug\light.obj
c:\users\user\desktop\hal\1年\gp12\directx_1124\dx11game\x64\debug\input.obj
c:\users\user\desktop\hal\1年\gp12\directx_1124\dx11game\x64\debug\fieldindex.obj
c:\users\user\desktop\hal\1年\gp12\directx_1124\dx11game\x64\debug\field.obj
c:\users\user\desktop\hal\1年\gp12\directx_1124\dx11game\x64\debug\debugproc.obj
c:\users\user\desktop\hal\1年\gp12\directx_1124\dx11game\x64\debug\camera.obj
c:\users\user\desktop\hal\1年\gp12\directx_1124\dx11game\x64\debug\bullet.obj
c:\users\user\desktop\hal\1年\gp12\directx_1124\dx11game\x64\debug\assimpmodel.obj
c:\users\user\desktop\hal\1年\gp12\directx_1124\dx11game\x64\debug\collision.obj
c:\users\user\desktop\hal\1年\gp12\directx_1128\dx11game\x64\debug\vc141.pdb
c:\users\user\desktop\hal\1年\gp12\directx_1128\dx11game\x64\debug\vc141.idb
c:\users\user\desktop\hal\1年\gp12\directx_1128\dx11game\x64\debug\texture.obj
c:\users\user\desktop\hal\1年\gp12\directx_1128\dx11game\x64\debug\stage01.obj
c:\users\user\desktop\hal\1年\gp12\directx_1128\dx11game\x64\debug\stage.obj
c:\users\user\desktop\hal\1年\gp12\directx_1128\dx11game\x64\debug\shadow.obj
c:\users\user\desktop\hal\1年\gp12\directx_1128\dx11game\x64\debug\shader.obj
c:\users\user\desktop\hal\1年\gp12\directx_1128\dx11game\x64\debug\scenegame.obj
c:\users\user\desktop\hal\1年\gp12\directx_1128\dx11game\x64\debug\polygon.obj
c:\users\user\desktop\hal\1年\gp12\directx_1128\dx11game\x64\debug\player.obj
c:\users\user\desktop\hal\1年\gp12\directx_1128\dx11game\x64\debug\model.obj
c:\users\user\desktop\hal\1年\gp12\directx_1128\dx11game\x64\debug\mesh.obj
c:\users\user\desktop\hal\1年\gp12\directx_1128\dx11game\x64\debug\main.obj
c:\users\user\desktop\hal\1年\gp12\directx_1128\dx11game\x64\debug\light.obj
c:\users\user\desktop\hal\1年\gp12\directx_1128\dx11game\x64\debug\input.obj
c:\users\user\desktop\hal\1年\gp12\directx_1128\dx11game\x64\debug\fieldindex.obj
c:\users\user\desktop\hal\1年\gp12\directx_1128\dx11game\x64\debug\field.obj
c:\users\user\desktop\hal\1年\gp12\directx_1128\dx11game\x64\debug\debugproc.obj
c:\users\user\desktop\hal\1年\gp12\directx_1128\dx11game\x64\debug\collision.obj
c:\users\user\desktop\hal\1年\gp12\directx_1128\dx11game\x64\debug\camera.obj
c:\users\user\desktop\hal\1年\gp12\directx_1128\dx11game\x64\debug\bullet.obj
c:\users\user\desktop\hal\1年\gp12\directx_1128\dx11game\x64\debug\assimpmodel.obj
c:\users\user\desktop\hal\1年\gp12\directx_1128\dx11game\x64\debug\wall.obj
c:\users\user\desktop\hal\1年\gp12\directx_1129\dx11game\x64\debug\vc141.pdb
c:\users\user\desktop\hal\1年\gp12\directx_1129\dx11game\x64\debug\vc141.idb
c:\users\user\desktop\hal\1年\gp12\directx_1129\dx11game\x64\debug\stage01.obj
c:\users\user\desktop\hal\1年\gp12\directx_1129\dx11game\x64\debug\stage.obj
c:\users\user\desktop\hal\1年\gp12\directx_1129\dx11game\x64\debug\shadow.obj
c:\users\user\desktop\hal\1年\gp12\directx_1129\dx11game\x64\debug\shader.obj
c:\users\user\desktop\hal\1年\gp12\directx_1129\dx11game\x64\debug\scenegame.obj
c:\users\user\desktop\hal\1年\gp12\directx_1129\dx11game\x64\debug\polygon.obj
c:\users\user\desktop\hal\1年\gp12\directx_1129\dx11game\x64\debug\player.obj
c:\users\user\desktop\hal\1年\gp12\directx_1129\dx11game\x64\debug\model.obj
c:\users\user\desktop\hal\1年\gp12\directx_1129\dx11game\x64\debug\mesh.obj
c:\users\user\desktop\hal\1年\gp12\directx_1129\dx11game\x64\debug\main.obj
c:\users\user\desktop\hal\1年\gp12\directx_1129\dx11game\x64\debug\light.obj
c:\users\user\desktop\hal\1年\gp12\directx_1129\dx11game\x64\debug\input.obj
c:\users\user\desktop\hal\1年\gp12\directx_1129\dx11game\x64\debug\fieldindex.obj
c:\users\user\desktop\hal\1年\gp12\directx_1129\dx11game\x64\debug\field.obj
c:\users\user\desktop\hal\1年\gp12\directx_1129\dx11game\x64\debug\explosion.obj
c:\users\user\desktop\hal\1年\gp12\directx_1129\dx11game\x64\debug\debugproc.obj
c:\users\user\desktop\hal\1年\gp12\directx_1129\dx11game\x64\debug\collision.obj
c:\users\user\desktop\hal\1年\gp12\directx_1129\dx11game\x64\debug\camera.obj
c:\users\user\desktop\hal\1年\gp12\directx_1129\dx11game\x64\debug\bullet.obj
c:\users\user\desktop\hal\1年\gp12\directx_1129\dx11game\x64\debug\assimpmodel.obj
c:\users\user\desktop\hal\1年\gp12\directx_1129\dx11game\x64\debug\wall.obj
c:\users\user\desktop\hal\1年\gp12\directx_1129\dx11game\x64\debug\texture.obj
c:\users\user\desktop\hal\1年\gp12\directx_1201\dx11game\x64\debug\vc141.pdb
c:\users\user\desktop\hal\1年\gp12\directx_1201\dx11game\x64\debug\vc141.idb
c:\users\user\desktop\hal\1年\gp12\directx_1201\dx11game\x64\debug\stage01.obj
c:\users\user\desktop\hal\1年\gp12\directx_1201\dx11game\x64\debug\stage.obj
c:\users\user\desktop\hal\1年\gp12\directx_1201\dx11game\x64\debug\shadow.obj
c:\users\user\desktop\hal\1年\gp12\directx_1201\dx11game\x64\debug\shader.obj
c:\users\user\desktop\hal\1年\gp12\directx_1201\dx11game\x64\debug\scenegame.obj
c:\users\user\desktop\hal\1年\gp12\directx_1201\dx11game\x64\debug\polygon.obj
c:\users\user\desktop\hal\1年\gp12\directx_1201\dx11game\x64\debug\player.obj
c:\users\user\desktop\hal\1年\gp12\directx_1201\dx11game\x64\debug\model.obj
c:\users\user\desktop\hal\1年\gp12\directx_1201\dx11game\x64\debug\mesh.obj
c:\users\user\desktop\hal\1年\gp12\directx_1201\dx11game\x64\debug\main.obj
c:\users\user\desktop\hal\1年\gp12\directx_1201\dx11game\x64\debug\light.obj
c:\users\user\desktop\hal\1年\gp12\directx_1201\dx11game\x64\debug\input.obj
c:\users\user\desktop\hal\1年\gp12\directx_1201\dx11game\x64\debug\fieldindex.obj
c:\users\user\desktop\hal\1年\gp12\directx_1201\dx11game\x64\debug\field.obj
c:\users\user\desktop\hal\1年\gp12\directx_1201\dx11game\x64\debug\explosion.obj
c:\users\user\desktop\hal\1年\gp12\directx_1201\dx11game\x64\debug\debugproc.obj
c:\users\user\desktop\hal\1年\gp12\directx_1201\dx11game\x64\debug\collision.obj
c:\users\user\desktop\hal\1年\gp12\directx_1201\dx11game\x64\debug\camera.obj
c:\users\user\desktop\hal\1年\gp12\directx_1201\dx11game\x64\debug\bullet.obj
c:\users\user\desktop\hal\1年\gp12\directx_1201\dx11game\x64\debug\assimpmodel.obj
c:\users\user\desktop\hal\1年\gp12\directx_1201\dx11game\x64\debug\wall.obj
c:\users\user\desktop\hal\1年\gp12\directx_1201\dx11game\x64\debug\texture.obj
c:\users\user\desktop\hal\1年\gp12\directx_1205\dx11game\x64\debug\vc141.pdb
c:\users\user\desktop\hal\1年\gp12\directx_1205\dx11game\x64\debug\vc141.idb
c:\users\user\desktop\hal\1年\gp12\directx_1205\dx11game\x64\debug\stage01.obj
c:\users\user\desktop\hal\1年\gp12\directx_1205\dx11game\x64\debug\stage.obj
c:\users\user\desktop\hal\1年\gp12\directx_1205\dx11game\x64\debug\shadow.obj
c:\users\user\desktop\hal\1年\gp12\directx_1205\dx11game\x64\debug\shader.obj
c:\users\user\desktop\hal\1年\gp12\directx_1205\dx11game\x64\debug\scenegame.obj
c:\users\user\desktop\hal\1年\gp12\directx_1205\dx11game\x64\debug\polygon.obj
c:\users\user\desktop\hal\1年\gp12\directx_1205\dx11game\x64\debug\player.obj
c:\users\user\desktop\hal\1年\gp12\directx_1205\dx11game\x64\debug\model.obj
c:\users\user\desktop\hal\1年\gp12\directx_1205\dx11game\x64\debug\mesh.obj
c:\users\user\desktop\hal\1年\gp12\directx_1205\dx11game\x64\debug\main.obj
c:\users\user\desktop\hal\1年\gp12\directx_1205\dx11game\x64\debug\light.obj
c:\users\user\desktop\hal\1年\gp12\directx_1205\dx11game\x64\debug\input.obj
c:\users\user\desktop\hal\1年\gp12\directx_1205\dx11game\x64\debug\fieldindex.obj
c:\users\user\desktop\hal\1年\gp12\directx_1205\dx11game\x64\debug\field.obj
c:\users\user\desktop\hal\1年\gp12\directx_1205\dx11game\x64\debug\explosion.obj
c:\users\user\desktop\hal\1年\gp12\directx_1205\dx11game\x64\debug\debugproc.obj
c:\users\user\desktop\hal\1年\gp12\directx_1205\dx11game\x64\debug\collision.obj
c:\users\user\desktop\hal\1年\gp12\directx_1205\dx11game\x64\debug\camera.obj
c:\users\user\desktop\hal\1年\gp12\directx_1205\dx11game\x64\debug\bullet.obj
c:\users\user\desktop\hal\1年\gp12\directx_1205\dx11game\x64\debug\assimpmodel.obj
c:\users\user\desktop\hal\1年\gp12\directx_1205\dx11game\x64\debug\wall.obj
c:\users\user\desktop\hal\1年\gp12\directx_1205\dx11game\x64\debug\texture.obj
c:\users\user\desktop\hal\1年\gp12\directx_1206ミサイル\dx11game\x64\debug\vc141.pdb
c:\users\user\desktop\hal\1年\gp12\directx_1206ミサイル\dx11game\x64\debug\vc141.idb
c:\users\user\desktop\hal\1年\gp12\directx_1206ミサイル\dx11game\x64\debug\stage.obj
c:\users\user\desktop\hal\1年\gp12\directx_1206ミサイル\dx11game\x64\debug\shadow.obj
c:\users\user\desktop\hal\1年\gp12\directx_1206ミサイル\dx11game\x64\debug\shader.obj
c:\users\user\desktop\hal\1年\gp12\directx_1206ミサイル\dx11game\x64\debug\scenegame.obj
c:\users\user\desktop\hal\1年\gp12\directx_1206ミサイル\dx11game\x64\debug\polygon.obj
c:\users\user\desktop\hal\1年\gp12\directx_1206ミサイル\dx11game\x64\debug\player.obj
c:\users\user\desktop\hal\1年\gp12\directx_1206ミサイル\dx11game\x64\debug\model.obj
c:\users\user\desktop\hal\1年\gp12\directx_1206ミサイル\dx11game\x64\debug\missile.obj
c:\users\user\desktop\hal\1年\gp12\directx_1206ミサイル\dx11game\x64\debug\mesh.obj
c:\users\user\desktop\hal\1年\gp12\directx_1206ミサイル\dx11game\x64\debug\main.obj
c:\users\user\desktop\hal\1年\gp12\directx_1206ミサイル\dx11game\x64\debug\light.obj
c:\users\user\desktop\hal\1年\gp12\directx_1206ミサイル\dx11game\x64\debug\input.obj
c:\users\user\desktop\hal\1年\gp12\directx_1206ミサイル\dx11game\x64\debug\fieldindex.obj
c:\users\user\desktop\hal\1年\gp12\directx_1206ミサイル\dx11game\x64\debug\field.obj
c:\users\user\desktop\hal\1年\gp12\directx_1206ミサイル\dx11game\x64\debug\explosion.obj
c:\users\user\desktop\hal\1年\gp12\directx_1206ミサイル\dx11game\x64\debug\debugproc.obj
c:\users\user\desktop\hal\1年\gp12\directx_1206ミサイル\dx11game\x64\debug\collision.obj
c:\users\user\desktop\hal\1年\gp12\directx_1206ミサイル\dx11game\x64\debug\camera.obj
c:\users\user\desktop\hal\1年\gp12\directx_1206ミサイル\dx11game\x64\debug\bullet.obj
c:\users\user\desktop\hal\1年\gp12\directx_1206ミサイル\dx11game\x64\debug\assimpmodel.obj
c:\users\user\desktop\hal\1年\gp12\directx_1206ミサイル\dx11game\x64\debug\wall.obj
c:\users\user\desktop\hal\1年\gp12\directx_1206ミサイル\dx11game\x64\debug\texture.obj
c:\users\user\desktop\hal\1年\gp12\directx_1206ミサイル\dx11game\x64\debug\stage01.obj
c:\users\user\desktop\hal\1年\gp12\directx_1208\dx11game\x64\debug\vc141.pdb
c:\users\user\desktop\hal\1年\gp12\directx_1208\dx11game\x64\debug\vc141.idb
c:\users\user\desktop\hal\1年\gp12\directx_1208\dx11game\x64\debug\shadow.obj
c:\users\user\desktop\hal\1年\gp12\directx_1208\dx11game\x64\debug\shader.obj
c:\users\user\desktop\hal\1年\gp12\directx_1208\dx11game\x64\debug\scenegame.obj
c:\users\user\desktop\hal\1年\gp12\directx_1208\dx11game\x64\debug\polygon.obj
c:\users\user\desktop\hal\1年\gp12\directx_1208\dx11game\x64\debug\player.obj
c:\users\user\desktop\hal\1年\gp12\directx_1208\dx11game\x64\debug\model.obj
c:\users\user\desktop\hal\1年\gp12\directx_1208\dx11game\x64\debug\missile.obj
c:\users\user\desktop\hal\1年\gp12\directx_1208\dx11game\x64\debug\mesh.obj
c:\users\user\desktop\hal\1年\gp12\directx_1208\dx11game\x64\debug\main.obj
c:\users\user\desktop\hal\1年\gp12\directx_1208\dx11game\x64\debug\light.obj
c:\users\user\desktop\hal\1年\gp12\directx_1208\dx11game\x64\debug\input.obj
c:\users\user\desktop\hal\1年\gp12\directx_1208\dx11game\x64\debug\fieldindex.obj
c:\users\user\desktop\hal\1年\gp12\directx_1208\dx11game\x64\debug\field.obj
c:\users\user\desktop\hal\1年\gp12\directx_1208\dx11game\x64\debug\explosion.obj
c:\users\user\desktop\hal\1年\gp12\directx_1208\dx11game\x64\debug\enemy.obj
c:\users\user\desktop\hal\1年\gp12\directx_1208\dx11game\x64\debug\debugproc.obj
c:\users\user\desktop\hal\1年\gp12\directx_1208\dx11game\x64\debug\collision.obj
c:\users\user\desktop\hal\1年\gp12\directx_1208\dx11game\x64\debug\camera.obj
c:\users\user\desktop\hal\1年\gp12\directx_1208\dx11game\x64\debug\bullet.obj
c:\users\user\desktop\hal\1年\gp12\directx_1208\dx11game\x64\debug\assimpmodel.obj
c:\users\user\desktop\hal\1年\gp12\directx_1208\dx11game\x64\debug\wall.obj
c:\users\user\desktop\hal\1年\gp12\directx_1208\dx11game\x64\debug\texture.obj
c:\users\user\desktop\hal\1年\gp12\directx_1208\dx11game\x64\debug\stage01.obj
c:\users\user\desktop\hal\1年\gp12\directx_1208\dx11game\x64\debug\stage.obj
c:\users\user\desktop\hal\1年\gp12\directx_game\dx11game\x64\debug\vc141.pdb
c:\users\user\desktop\hal\1年\gp12\directx_game\dx11game\x64\debug\vc141.idb
c:\users\user\desktop\hal\1年\gp12\directx_game\dx11game\x64\debug\shader.obj
c:\users\user\desktop\hal\1年\gp12\directx_game\dx11game\x64\debug\scenegame.obj
c:\users\user\desktop\hal\1年\gp12\directx_game\dx11game\x64\debug\polygon.obj
c:\users\user\desktop\hal\1年\gp12\directx_game\dx11game\x64\debug\player.obj
c:\users\user\desktop\hal\1年\gp12\directx_game\dx11game\x64\debug\model.obj
c:\users\user\desktop\hal\1年\gp12\directx_game\dx11game\x64\debug\missile.obj
c:\users\user\desktop\hal\1年\gp12\directx_game\dx11game\x64\debug\mesh.obj
c:\users\user\desktop\hal\1年\gp12\directx_game\dx11game\x64\debug\main.obj
c:\users\user\desktop\hal\1年\gp12\directx_game\dx11game\x64\debug\light.obj
c:\users\user\desktop\hal\1年\gp12\directx_game\dx11game\x64\debug\input.obj
c:\users\user\desktop\hal\1年\gp12\directx_game\dx11game\x64\debug\fieldindex.obj
c:\users\user\desktop\hal\1年\gp12\directx_game\dx11game\x64\debug\field.obj
c:\users\user\desktop\hal\1年\gp12\directx_game\dx11game\x64\debug\fade.obj
c:\users\user\desktop\hal\1年\gp12\directx_game\dx11game\x64\debug\explosion.obj
c:\users\user\desktop\hal\1年\gp12\directx_game\dx11game\x64\debug\enemy.obj
c:\users\user\desktop\hal\1年\gp12\directx_game\dx11game\x64\debug\debugproc.obj
c:\users\user\desktop\hal\1年\gp12\directx_game\dx11game\x64\debug\collision.obj
c:\users\user\desktop\hal\1年\gp12\directx_game\dx11game\x64\debug\camera.obj
c:\users\user\desktop\hal\1年\gp12\directx_game\dx11game\x64\debug\bullet.obj
c:\users\user\desktop\hal\1年\gp12\directx_game\dx11game\x64\debug\assimpmodel.obj
c:\users\user\desktop\hal\1年\gp12\directx_game\dx11game\x64\debug\wall.obj
c:\users\user\desktop\hal\1年\gp12\directx_game\dx11game\x64\debug\texture.obj
c:\users\user\desktop\hal\1年\gp12\directx_game\dx11game\x64\debug\stage01.obj
c:\users\user\desktop\hal\1年\gp12\directx_game\dx11game\x64\debug\stage.obj
c:\users\user\desktop\hal\1年\gp12\directx_game\dx11game\x64\debug\shadow.obj
c:\users\user\desktop\hal\1年\gp12\directx_game\dx11game\x64\debug\scenetitle.obj
c:\users\user\desktop\hal\1年\gp12\directx_game\dx11game\x64\debug\bg.obj
c:\users\user\desktop\hal\1年\gp12\directx_game\dx11game\x64\debug\scenegameover.obj
c:\users\user\desktop\hal\1年\gp12\directx_game\dx11game\x64\debug\gameover.obj
c:\users\user\desktop\hal\1年\gp12\directx_game\dx11game\x64\debug\title.obj
c:\users\user\desktop\hal\1年\gp12\directx_game\dx11game\x64\debug\enter.obj
c:\users\user\desktop\hal\1年\gp12\directx_game\dx11game\x64\debug\sceneclear.obj
c:\users\user\desktop\hal\1年\gp12\directx_game\dx11game\x64\debug\pause.obj
c:\users\user\desktop\hal\1年\gp12\directx_game\dx11game\x64\debug\enemy01.obj
c:\users\user\desktop\hal\1年\gp12\directx_game\dx11game\x64\debug\select.obj
c:\users\user\desktop\hal\1年\gp12\directx_game\dx11game\x64\debug\gauge.obj
c:\users\user\desktop\hal\1年\gp12\directx_game\dx11game\x64\debug\select1.obj
c:\users\user\desktop\hal\1年\gp12\directx_game\dx11game\x64\debug\scenesetumei.obj
c:\users\user\desktop\hal\1年\gp12\directx_game\dx11game\x64\debug\box.obj
c:\users\user\desktop\hal\1年\gp12\directx_game\dx11game\x64\debug\life.obj
c:\users\user\desktop\hal\1年\gp12\directx_game\dx11game\x64\debug\select 2.obj
c:\users\user\desktop\nh_gp12_gp12sgpa_30_向出珠羽\directx_game\dx11game\x64\debug\vc141.pdb
c:\users\user\desktop\nh_gp12_gp12sgpa_30_向出珠羽\directx_game\dx11game\x64\debug\vc141.idb
c:\users\user\desktop\nh_gp12_gp12sgpa_30_向出珠羽\directx_game\dx11game\x64\debug\light.obj
c:\users\user\desktop\nh_gp12_gp12sgpa_30_向出珠羽\directx_game\dx11game\x64\debug\input.obj
c:\users\user\desktop\nh_gp12_gp12sgpa_30_向出珠羽\directx_game\dx11game\x64\debug\fade.obj
c:\users\user\desktop\nh_gp12_gp12sgpa_30_向出珠羽\directx_game\dx11game\x64\debug\collision.obj
c:\users\user\desktop\nh_gp12_gp12sgpa_30_向出珠羽\directx_game\dx11game\x64\debug\camera.obj
c:\users\user\desktop\nh_gp12_gp12sgpa_30_向出珠羽\directx_game\dx11game\x64\debug\stage01.obj
c:\users\user\desktop\nh_gp12_gp12sgpa_30_向出珠羽\directx_game\dx11game\x64\debug\stage.obj
c:\users\user\desktop\nh_gp12_gp12sgpa_30_向出珠羽\directx_game\dx11game\x64\debug\shader.obj
c:\users\user\desktop\nh_gp12_gp12sgpa_30_向出珠羽\directx_game\dx11game\x64\debug\polygon.obj
c:\users\user\desktop\nh_gp12_gp12sgpa_30_向出珠羽\directx_game\dx11game\x64\debug\debugproc.obj
c:\users\user\desktop\nh_gp12_gp12sgpa_30_向出珠羽\directx_game\dx11game\x64\debug\field.obj
c:\users\user\desktop\nh_gp12_gp12sgpa_30_向出珠羽\directx_game\dx11game\x64\debug\life.obj
c:\users\user\desktop\nh_gp12_gp12sgpa_30_向出珠羽\directx_game\dx11game\x64\debug\main.obj
c:\users\user\desktop\nh_gp12_gp12sgpa_30_向出珠羽\directx_game\dx11game\x64\debug\sceneclear.obj
c:\users\user\desktop\nh_gp12_gp12sgpa_30_向出珠羽\directx_game\dx11game\x64\debug\shadow.obj
c:\users\user\desktop\nh_gp12_gp12sgpa_30_向出珠羽\directx_game\dx11game\x64\debug\texture.obj
c:\users\user\desktop\nh_gp12_gp12sgpa_30_向出珠羽\directx_game\dx11game\x64\debug\enemy.obj
c:\users\user\desktop\nh_gp12_gp12sgpa_30_向出珠羽\directx_game\dx11game\x64\debug\gameover.obj
c:\users\user\desktop\nh_gp12_gp12sgpa_30_向出珠羽\directx_game\dx11game\x64\debug\mesh.obj
c:\users\user\desktop\hal\1年\gp12\directx_game\dx11game\x64\debug\flame.obj
c:\users\user\desktop\hal\1年\gp12\directx_game\dx11game\x64\debug\selectstage.obj
c:\users\user\desktop\hal\1年\gp12\directx_game\dx11game\x64\debug\sceneselect.obj
c:\users\user\desktop\hal\1年\gp12\directx_1122\dx11game\dx11gamed.lib
c:\users\user\desktop\hal\1年\gp12\directx_1122\dx11game\dx11gamed.exp
c:\users\user\desktop\hal\1年\gp12\directx_1124\dx11game\dx11gamed.lib
c:\users\user\desktop\hal\1年\gp12\directx_1124\dx11game\dx11gamed.exp
c:\users\user\desktop\hal\1年\gp12\directx_1128\dx11game\dx11gamed.lib
c:\users\user\desktop\hal\1年\gp12\directx_1128\dx11game\dx11gamed.exp
c:\users\user\desktop\hal\1年\gp12\directx_1129\dx11game\dx11gamed.lib
c:\users\user\desktop\hal\1年\gp12\directx_1129\dx11game\dx11gamed.exp
c:\users\user\desktop\hal\1年\gp12\directx_1201\dx11game\dx11gamed.lib
c:\users\user\desktop\hal\1年\gp12\directx_1201\dx11game\dx11gamed.exp
c:\users\user\desktop\hal\1年\gp12\directx_1205\dx11game\dx11gamed.lib
c:\users\user\desktop\hal\1年\gp12\directx_1205\dx11game\dx11gamed.exp
c:\users\user\desktop\hal\1年\gp12\directx_1206ミサイル\dx11game\dx11gamed.lib
c:\users\user\desktop\hal\1年\gp12\directx_1206ミサイル\dx11game\dx11gamed.exp
c:\users\user\desktop\hal\1年\gp12\directx_1208\dx11game\dx11gamed.lib
c:\users\user\desktop\hal\1年\gp12\directx_1208\dx11game\dx11gamed.exp
c:\users\user\desktop\hal\1年\gp12\directx_game\dx11game\dx11gamed.lib
c:\users\user\desktop\hal\1年\gp12\directx_game\dx11game\dx11gamed.exp
c:\users\user\desktop\hal\1年\gp12\directx_1122\dx11game\data\shader\assimppixel.cso
c:\users\user\desktop\hal\1年\gp12\directx_1122\dx11game\data\shader\assimpvertex.cso
c:\users\user\desktop\hal\1年\gp12\directx_1122\dx11game\data\shader\pixel.cso
c:\users\user\desktop\hal\1年\gp12\directx_1122\dx11game\data\shader\pixel2d.cso
c:\users\user\desktop\hal\1年\gp12\directx_1122\dx11game\data\shader\vertex.cso
c:\users\user\desktop\hal\1年\gp12\directx_1122\dx11game\data\shader\vertex2d.cso
c:\users\user\desktop\hal\1年\gp12\directx_1124\dx11game\data\shader\assimppixel.cso
c:\users\user\desktop\hal\1年\gp12\directx_1124\dx11game\data\shader\assimpvertex.cso
c:\users\user\desktop\hal\1年\gp12\directx_1124\dx11game\data\shader\pixel.cso
c:\users\user\desktop\hal\1年\gp12\directx_1124\dx11game\data\shader\pixel2d.cso
c:\users\user\desktop\hal\1年\gp12\directx_1124\dx11game\data\shader\vertex.cso
c:\users\user\desktop\hal\1年\gp12\directx_1124\dx11game\data\shader\vertex2d.cso
c:\users\user\desktop\hal\1年\gp12\directx_1128\dx11game\data\shader\assimppixel.cso
c:\users\user\desktop\hal\1年\gp12\directx_1128\dx11game\data\shader\assimpvertex.cso
c:\users\user\desktop\hal\1年\gp12\directx_1128\dx11game\data\shader\pixel.cso
c:\users\user\desktop\hal\1年\gp12\directx_1128\dx11game\data\shader\pixel2d.cso
c:\users\user\desktop\hal\1年\gp12\directx_1128\dx11game\data\shader\vertex.cso
c:\users\user\desktop\hal\1年\gp12\directx_1128\dx11game\data\shader\vertex2d.cso
c:\users\user\desktop\hal\1年\gp12\directx_1129\dx11game\data\shader\assimppixel.cso
c:\users\user\desktop\hal\1年\gp12\directx_1129\dx11game\data\shader\assimpvertex.cso
c:\users\user\desktop\hal\1年\gp12\directx_1129\dx11game\data\shader\pixel.cso
c:\users\user\desktop\hal\1年\gp12\directx_1129\dx11game\data\shader\pixel2d.cso
c:\users\user\desktop\hal\1年\gp12\directx_1129\dx11game\data\shader\vertex.cso
c:\users\user\desktop\hal\1年\gp12\directx_1129\dx11game\data\shader\vertex2d.cso
c:\users\user\desktop\hal\1年\gp12\directx_1201\dx11game\data\shader\assimppixel.cso
c:\users\user\desktop\hal\1年\gp12\directx_1201\dx11game\data\shader\assimpvertex.cso
c:\users\user\desktop\hal\1年\gp12\directx_1201\dx11game\data\shader\pixel.cso
c:\users\user\desktop\hal\1年\gp12\directx_1201\dx11game\data\shader\pixel2d.cso
c:\users\user\desktop\hal\1年\gp12\directx_1201\dx11game\data\shader\vertex.cso
c:\users\user\desktop\hal\1年\gp12\directx_1201\dx11game\data\shader\vertex2d.cso
c:\users\user\desktop\hal\1年\gp12\directx_1205\dx11game\data\shader\assimppixel.cso
c:\users\user\desktop\hal\1年\gp12\directx_1205\dx11game\data\shader\assimpvertex.cso
c:\users\user\desktop\hal\1年\gp12\directx_1205\dx11game\data\shader\pixel.cso
c:\users\user\desktop\hal\1年\gp12\directx_1205\dx11game\data\shader\pixel2d.cso
c:\users\user\desktop\hal\1年\gp12\directx_1205\dx11game\data\shader\vertex.cso
c:\users\user\desktop\hal\1年\gp12\directx_1205\dx11game\data\shader\vertex2d.cso
c:\users\user\desktop\hal\1年\gp12\directx_1206ミサイル\dx11game\data\shader\assimppixel.cso
c:\users\user\desktop\hal\1年\gp12\directx_1206ミサイル\dx11game\data\shader\assimpvertex.cso
c:\users\user\desktop\hal\1年\gp12\directx_1206ミサイル\dx11game\data\shader\pixel.cso
c:\users\user\desktop\hal\1年\gp12\directx_1206ミサイル\dx11game\data\shader\pixel2d.cso
c:\users\user\desktop\hal\1年\gp12\directx_1206ミサイル\dx11game\data\shader\vertex.cso
c:\users\user\desktop\hal\1年\gp12\directx_1206ミサイル\dx11game\data\shader\vertex2d.cso
c:\users\user\desktop\hal\1年\gp12\directx_1208\dx11game\data\shader\assimppixel.cso
c:\users\user\desktop\hal\1年\gp12\directx_1208\dx11game\data\shader\assimpvertex.cso
c:\users\user\desktop\hal\1年\gp12\directx_1208\dx11game\data\shader\pixel.cso
c:\users\user\desktop\hal\1年\gp12\directx_1208\dx11game\data\shader\pixel2d.cso
c:\users\user\desktop\hal\1年\gp12\directx_1208\dx11game\data\shader\vertex.cso
c:\users\user\desktop\hal\1年\gp12\directx_1208\dx11game\data\shader\vertex2d.cso
c:\users\user\desktop\hal\1年\gp12\directx_game\dx11game\data\shader\assimppixel.cso
c:\users\user\desktop\hal\1年\gp12\directx_game\dx11game\data\shader\assimpvertex.cso
c:\users\user\desktop\hal\1年\gp12\directx_game\dx11game\data\shader\pixel.cso
c:\users\user\desktop\hal\1年\gp12\directx_game\dx11game\data\shader\pixel2d.cso
c:\users\user\desktop\hal\1年\gp12\directx_game\dx11game\data\shader\vertex.cso
c:\users\user\desktop\hal\1年\gp12\directx_game\dx11game\data\shader\vertex2d.cso
c:\users\user\desktop\nh_gp12_gp12sgpa_30_向出珠羽\directx_game\dx11game\data\shader\assimppixel.cso
c:\users\user\desktop\nh_gp12_gp12sgpa_30_向出珠羽\directx_game\dx11game\data\shader\assimpvertex.cso
c:\users\user\desktop\nh_gp12_gp12sgpa_30_向出珠羽\directx_game\dx11game\data\shader\pixel.cso
c:\users\user\desktop\nh_gp12_gp12sgpa_30_向出珠羽\directx_game\dx11game\data\shader\pixel2d.cso
c:\users\user\desktop\nh_gp12_gp12sgpa_30_向出珠羽\directx_game\dx11game\data\shader\vertex.cso
c:\users\user\desktop\nh_gp12_gp12sgpa_30_向出珠羽\directx_game\dx11game\data\shader\vertex2d.cso
c:\users\user\desktop\hal\1年\gp12\directx_game\dx11game\dx11gamed.exe
c:\users\user\desktop\hal\1年\gp12\directx_game\dx11game\dx11gamed.ilk
c:\users\user\desktop\hal\1年\gp12\directx_game\dx11game\dx11gamed.pdb
c:\users\user\desktop\hal\1年\gp12\directx_1122\dx11game\x64\debug\dx11game.res
c:\users\user\desktop\hal\1年\gp12\directx_1124\dx11game\x64\debug\dx11game.res
c:\users\user\desktop\hal\1年\gp12\directx_1128\dx11game\x64\debug\dx11game.res
c:\users\user\desktop\hal\1年\gp12\directx_1129\dx11game\x64\debug\dx11game.res
c:\users\user\desktop\hal\1年\gp12\directx_1201\dx11game\x64\debug\dx11game.res
c:\users\user\desktop\hal\1年\gp12\directx_1205\dx11game\x64\debug\dx11game.res
c:\users\user\desktop\hal\1年\gp12\directx_1206ミサイル\dx11game\x64\debug\dx11game.res
c:\users\user\desktop\hal\1年\gp12\directx_1208\dx11game\x64\debug\dx11game.res
c:\users\user\desktop\hal\1年\gp12\directx_game\dx11game\x64\debug\dx11game.res
c:\users\user\desktop\hal\2年\gp23\nh_gp12_gp12sgpa_30_向出珠羽2\dx11game\x64\debug\assimpmodel.obj
c:\users\user\desktop\hal\2年\gp23\nh_gp12_gp12sgpa_30_向出珠羽2\dx11game\x64\debug\bg.obj
c:\users\user\desktop\hal\2年\gp23\nh_gp12_gp12sgpa_30_向出珠羽2\dx11game\x64\debug\box.obj
c:\users\user\desktop\hal\2年\gp23\nh_gp12_gp12sgpa_30_向出珠羽2\dx11game\x64\debug\bullet.obj
c:\users\user\desktop\hal\2年\gp23\nh_gp12_gp12sgpa_30_向出珠羽2\dx11game\x64\debug\camera.obj
c:\users\user\desktop\hal\2年\gp23\nh_gp12_gp12sgpa_30_向出珠羽2\dx11game\x64\debug\collision.obj
c:\users\user\desktop\hal\2年\gp23\nh_gp12_gp12sgpa_30_向出珠羽2\dx11game\x64\debug\debugproc.obj
c:\users\user\desktop\hal\2年\gp23\nh_gp12_gp12sgpa_30_向出珠羽2\dx11game\x64\debug\enemy.obj
c:\users\user\desktop\hal\2年\gp23\nh_gp12_gp12sgpa_30_向出珠羽2\dx11game\x64\debug\enemy01.obj
c:\users\user\desktop\hal\2年\gp23\nh_gp12_gp12sgpa_30_向出珠羽2\dx11game\x64\debug\enter.obj
c:\users\user\desktop\hal\2年\gp23\nh_gp12_gp12sgpa_30_向出珠羽2\dx11game\x64\debug\explosion.obj
c:\users\user\desktop\hal\2年\gp23\nh_gp12_gp12sgpa_30_向出珠羽2\dx11game\x64\debug\fade.obj
c:\users\user\desktop\hal\2年\gp23\nh_gp12_gp12sgpa_30_向出珠羽2\dx11game\x64\debug\field.obj
c:\users\user\desktop\hal\2年\gp23\nh_gp12_gp12sgpa_30_向出珠羽2\dx11game\x64\debug\fieldindex.obj
c:\users\user\desktop\hal\2年\gp23\nh_gp12_gp12sgpa_30_向出珠羽2\dx11game\x64\debug\flame.obj
c:\users\user\desktop\hal\2年\gp23\nh_gp12_gp12sgpa_30_向出珠羽2\dx11game\x64\debug\gameover.obj
c:\users\user\desktop\hal\2年\gp23\nh_gp12_gp12sgpa_30_向出珠羽2\dx11game\x64\debug\gauge.obj
c:\users\user\desktop\hal\2年\gp23\nh_gp12_gp12sgpa_30_向出珠羽2\dx11game\x64\debug\input.obj
c:\users\user\desktop\hal\2年\gp23\nh_gp12_gp12sgpa_30_向出珠羽2\dx11game\x64\debug\life.obj
c:\users\user\desktop\hal\2年\gp23\nh_gp12_gp12sgpa_30_向出珠羽2\dx11game\x64\debug\light.obj
c:\users\user\desktop\hal\2年\gp23\nh_gp12_gp12sgpa_30_向出珠羽2\dx11game\x64\debug\main.obj
c:\users\user\desktop\hal\2年\gp23\nh_gp12_gp12sgpa_30_向出珠羽2\dx11game\x64\debug\mesh.obj
c:\users\user\desktop\hal\2年\gp23\nh_gp12_gp12sgpa_30_向出珠羽2\dx11game\x64\debug\missile.obj
c:\users\user\desktop\hal\2年\gp23\nh_gp12_gp12sgpa_30_向出珠羽2\dx11game\x64\debug\model.obj
c:\users\user\desktop\hal\2年\gp23\nh_gp12_gp12sgpa_30_向出珠羽2\dx11game\x64\debug\pause.obj
c:\users\user\desktop\hal\2年\gp23\nh_gp12_gp12sgpa_30_向出珠羽2\dx11game\x64\debug\player.obj
c:\users\user\desktop\hal\2年\gp23\nh_gp12_gp12sgpa_30_向出珠羽2\dx11game\x64\debug\polygon.obj
c:\users\user\desktop\hal\2年\gp23\nh_gp12_gp12sgpa_30_向出珠羽2\dx11game\x64\debug\sceneclear.obj
c:\users\user\desktop\hal\2年\gp23\nh_gp12_gp12sgpa_30_向出珠羽2\dx11game\x64\debug\scenegame.obj
c:\users\user\desktop\hal\2年\gp23\nh_gp12_gp12sgpa_30_向出珠羽2\dx11game\x64\debug\scenegameover.obj
c:\users\user\desktop\hal\2年\gp23\nh_gp12_gp12sgpa_30_向出珠羽2\dx11game\x64\debug\sceneselect.obj
c:\users\user\desktop\hal\2年\gp23\nh_gp12_gp12sgpa_30_向出珠羽2\dx11game\x64\debug\scenesetumei.obj
c:\users\user\desktop\hal\2年\gp23\nh_gp12_gp12sgpa_30_向出珠羽2\dx11game\x64\debug\scenetitle.obj
c:\users\user\desktop\hal\2年\gp23\nh_gp12_gp12sgpa_30_向出珠羽2\dx11game\x64\debug\select 2.obj
c:\users\user\desktop\hal\2年\gp23\nh_gp12_gp12sgpa_30_向出珠羽2\dx11game\x64\debug\select.obj
c:\users\user\desktop\hal\2年\gp23\nh_gp12_gp12sgpa_30_向出珠羽2\dx11game\x64\debug\select1.obj
c:\users\user\desktop\hal\2年\gp23\nh_gp12_gp12sgpa_30_向出珠羽2\dx11game\x64\debug\selectstage.obj
c:\users\user\desktop\hal\2年\gp23\nh_gp12_gp12sgpa_30_向出珠羽2\dx11game\x64\debug\shader.obj
c:\users\user\desktop\hal\2年\gp23\nh_gp12_gp12sgpa_30_向出珠羽2\dx11game\x64\debug\shadow.obj
c:\users\user\desktop\hal\2年\gp23\nh_gp12_gp12sgpa_30_向出珠羽2\dx11game\x64\debug\stage.obj
c:\users\user\desktop\hal\2年\gp23\nh_gp12_gp12sgpa_30_向出珠羽2\dx11game\x64\debug\stage01.obj
c:\users\user\desktop\hal\2年\gp23\nh_gp12_gp12sgpa_30_向出珠羽2\dx11game\x64\debug\texture.obj
c:\users\user\desktop\hal\2年\gp23\nh_gp12_gp12sgpa_30_向出珠羽2\dx11game\x64\debug\title.obj
c:\users\user\desktop\hal\2年\gp23\nh_gp12_gp12sgpa_30_向出珠羽2\dx11game\x64\debug\wall.obj
c:\users\user\desktop\hal\2年\gp23\nh_gp12_gp12sgpa_30_向出珠羽2\dx11game\x64\debug\dx11game.res
c:\users\user\desktop\hal\2年\gp23\nh_gp12_gp12sgpa_30_向出珠羽2\dx11game\x64\debug\vc141.idb
c:\users\user\desktop\hal\2年\gp23\nh_gp12_gp12sgpa_30_向出珠羽2\dx11game\x64\debug\vc141.pdb
c:\users\user\desktop\hal\2年\gp23\nh_gp12_gp12sgpa_30_向出珠羽2\dx11game\x64\debug\dx11game.tlog\cl.command.1.tlog
c:\users\user\desktop\hal\2年\gp23\nh_gp12_gp12sgpa_30_向出珠羽2\dx11game\x64\debug\dx11game.tlog\cl.read.1.tlog
c:\users\user\desktop\hal\2年\gp23\nh_gp12_gp12sgpa_30_向出珠羽2\dx11game\x64\debug\dx11game.tlog\cl.write.1.tlog
c:\users\user\desktop\hal\2年\gp23\nh_gp12_gp12sgpa_30_向出珠羽2\dx11game\x64\debug\dx11game.tlog\dx11game.write.1u.tlog
c:\users\user\desktop\hal\2年\gp23\nh_gp12_gp12sgpa_30_向出珠羽2\dx11game\x64\debug\dx11game.tlog\fxc.command.1.tlog
c:\users\user\desktop\hal\2年\gp23\nh_gp12_gp12sgpa_30_向出珠羽2\dx11game\x64\debug\dx11game.tlog\fxc.read.1.tlog
c:\users\user\desktop\hal\2年\gp23\nh_gp12_gp12sgpa_30_向出珠羽2\dx11game\x64\debug\dx11game.tlog\fxc.write.1.tlog
c:\users\user\desktop\hal\2年\gp23\nh_gp12_gp12sgpa_30_向出珠羽2\dx11game\x64\debug\dx11game.tlog\link.command.1.tlog
c:\users\user\desktop\hal\2年\gp23\nh_gp12_gp12sgpa_30_向出珠羽2\dx11game\x64\debug\dx11game.tlog\link.read.1.tlog
c:\users\user\desktop\hal\2年\gp23\nh_gp12_gp12sgpa_30_向出珠羽2\dx11game\x64\debug\dx11game.tlog\link.write.1.tlog
c:\users\user\desktop\hal\2年\gp23\nh_gp12_gp12sgpa_30_向出珠羽2\dx11game\x64\debug\dx11game.tlog\rc.command.1.tlog
c:\users\user\desktop\hal\2年\gp23\nh_gp12_gp12sgpa_30_向出珠羽2\dx11game\x64\debug\dx11game.tlog\rc.read.1.tlog
c:\users\user\desktop\hal\2年\gp23\nh_gp12_gp12sgpa_30_向出珠羽2\dx11game\x64\debug\dx11game.tlog\rc.write.1.tlog
